
Error: class uri 'gevent' invalid or not found: 

[Traceback (most recent call last):
  File "/usr/local/lib/python2.7/site-packages/gunicorn/util.py", line 142, in load_class
    mod = import_module('.'.join(components))
  File "/usr/lib64/python2.7/importlib/__init__.py", line 37, in import_module
    __import__(name)
  File "/usr/local/lib/python2.7/site-packages/gunicorn/workers/ggevent.py", line 22, in <module>
    raise RuntimeError("You need gevent installed to use this worker.")
RuntimeError: You need gevent installed to use this worker.
]


Error: class uri 'gevent' invalid or not found: 

[Traceback (most recent call last):
  File "/usr/local/lib/python2.7/site-packages/gunicorn/util.py", line 142, in load_class
    mod = import_module('.'.join(components))
  File "/usr/lib64/python2.7/importlib/__init__.py", line 37, in import_module
    __import__(name)
  File "/usr/local/lib/python2.7/site-packages/gunicorn/workers/ggevent.py", line 22, in <module>
    raise RuntimeError("You need gevent installed to use this worker.")
RuntimeError: You need gevent installed to use this worker.
]


Error: class uri 'gevent' invalid or not found: 

[Traceback (most recent call last):
  File "/usr/local/lib/python2.7/site-packages/gunicorn/util.py", line 142, in load_class
    mod = import_module('.'.join(components))
  File "/usr/lib64/python2.7/importlib/__init__.py", line 37, in import_module
    __import__(name)
  File "/usr/local/lib/python2.7/site-packages/gunicorn/workers/ggevent.py", line 22, in <module>
    raise RuntimeError("You need gevent installed to use this worker.")
RuntimeError: You need gevent installed to use this worker.
]


Error: class uri 'gevent' invalid or not found: 

[Traceback (most recent call last):
  File "/usr/local/lib/python2.7/site-packages/gunicorn/util.py", line 142, in load_class
    mod = import_module('.'.join(components))
  File "/usr/lib64/python2.7/importlib/__init__.py", line 37, in import_module
    __import__(name)
  File "/usr/local/lib/python2.7/site-packages/gunicorn/workers/ggevent.py", line 22, in <module>
    raise RuntimeError("You need gevent installed to use this worker.")
RuntimeError: You need gevent installed to use this worker.
]


Error: class uri 'gevent' invalid or not found: 

[Traceback (most recent call last):
  File "/usr/local/lib/python2.7/site-packages/gunicorn/util.py", line 142, in load_class
    mod = import_module('.'.join(components))
  File "/usr/lib64/python2.7/importlib/__init__.py", line 37, in import_module
    __import__(name)
  File "/usr/local/lib/python2.7/site-packages/gunicorn/workers/ggevent.py", line 22, in <module>
    raise RuntimeError("You need gevent installed to use this worker.")
RuntimeError: You need gevent installed to use this worker.
]


Error: class uri 'gevent' invalid or not found: 

[Traceback (most recent call last):
  File "/usr/local/lib/python2.7/site-packages/gunicorn/util.py", line 142, in load_class
    mod = import_module('.'.join(components))
  File "/usr/lib64/python2.7/importlib/__init__.py", line 37, in import_module
    __import__(name)
  File "/usr/local/lib/python2.7/site-packages/gunicorn/workers/ggevent.py", line 22, in <module>
    raise RuntimeError("You need gevent installed to use this worker.")
RuntimeError: You need gevent installed to use this worker.
]


Error: class uri 'gevent' invalid or not found: 

[Traceback (most recent call last):
  File "/usr/local/lib/python2.7/site-packages/gunicorn/util.py", line 142, in load_class
    mod = import_module('.'.join(components))
  File "/usr/lib64/python2.7/importlib/__init__.py", line 37, in import_module
    __import__(name)
  File "/usr/local/lib/python2.7/site-packages/gunicorn/workers/ggevent.py", line 22, in <module>
    raise RuntimeError("You need gevent installed to use this worker.")
RuntimeError: You need gevent installed to use this worker.
]


Error: class uri 'gevent' invalid or not found: 

[Traceback (most recent call last):
  File "/usr/local/lib/python2.7/site-packages/gunicorn/util.py", line 142, in load_class
    mod = import_module('.'.join(components))
  File "/usr/lib64/python2.7/importlib/__init__.py", line 37, in import_module
    __import__(name)
  File "/usr/local/lib/python2.7/site-packages/gunicorn/workers/ggevent.py", line 22, in <module>
    raise RuntimeError("You need gevent installed to use this worker.")
RuntimeError: You need gevent installed to use this worker.
]


Error: class uri 'gevent' invalid or not found: 

[Traceback (most recent call last):
  File "/usr/local/lib/python2.7/site-packages/gunicorn/util.py", line 142, in load_class
    mod = import_module('.'.join(components))
  File "/usr/lib64/python2.7/importlib/__init__.py", line 37, in import_module
    __import__(name)
  File "/usr/local/lib/python2.7/site-packages/gunicorn/workers/ggevent.py", line 22, in <module>
    raise RuntimeError("You need gevent installed to use this worker.")
RuntimeError: You need gevent installed to use this worker.
]


Error: class uri 'gevent' invalid or not found: 

[Traceback (most recent call last):
  File "/usr/local/lib/python2.7/site-packages/gunicorn/util.py", line 142, in load_class
    mod = import_module('.'.join(components))
  File "/usr/lib64/python2.7/importlib/__init__.py", line 37, in import_module
    __import__(name)
  File "/usr/local/lib/python2.7/site-packages/gunicorn/workers/ggevent.py", line 22, in <module>
    raise RuntimeError("You need gevent installed to use this worker.")
RuntimeError: You need gevent installed to use this worker.
]


Error: class uri 'gevent' invalid or not found: 

[Traceback (most recent call last):
  File "/usr/local/lib/python2.7/site-packages/gunicorn/util.py", line 142, in load_class
    mod = import_module('.'.join(components))
  File "/usr/lib64/python2.7/importlib/__init__.py", line 37, in import_module
    __import__(name)
  File "/usr/local/lib/python2.7/site-packages/gunicorn/workers/ggevent.py", line 22, in <module>
    raise RuntimeError("You need gevent installed to use this worker.")
RuntimeError: You need gevent installed to use this worker.
]


Error: class uri 'gevent' invalid or not found: 

[Traceback (most recent call last):
  File "/usr/local/lib/python2.7/site-packages/gunicorn/util.py", line 142, in load_class
    mod = import_module('.'.join(components))
  File "/usr/lib64/python2.7/importlib/__init__.py", line 37, in import_module
    __import__(name)
  File "/usr/local/lib/python2.7/site-packages/gunicorn/workers/ggevent.py", line 22, in <module>
    raise RuntimeError("You need gevent installed to use this worker.")
RuntimeError: You need gevent installed to use this worker.
]


Error: class uri 'gevent' invalid or not found: 

[Traceback (most recent call last):
  File "/usr/local/lib/python2.7/site-packages/gunicorn/util.py", line 142, in load_class
    mod = import_module('.'.join(components))
  File "/usr/lib64/python2.7/importlib/__init__.py", line 37, in import_module
    __import__(name)
  File "/usr/local/lib/python2.7/site-packages/gunicorn/workers/ggevent.py", line 22, in <module>
    raise RuntimeError("You need gevent installed to use this worker.")
RuntimeError: You need gevent installed to use this worker.
]


Error: class uri 'gevent' invalid or not found: 

[Traceback (most recent call last):
  File "/usr/local/lib/python2.7/site-packages/gunicorn/util.py", line 142, in load_class
    mod = import_module('.'.join(components))
  File "/usr/lib64/python2.7/importlib/__init__.py", line 37, in import_module
    __import__(name)
  File "/usr/local/lib/python2.7/site-packages/gunicorn/workers/ggevent.py", line 22, in <module>
    raise RuntimeError("You need gevent installed to use this worker.")
RuntimeError: You need gevent installed to use this worker.
]


Error: class uri 'gevent' invalid or not found: 

[Traceback (most recent call last):
  File "/usr/local/lib/python2.7/site-packages/gunicorn/util.py", line 142, in load_class
    mod = import_module('.'.join(components))
  File "/usr/lib64/python2.7/importlib/__init__.py", line 37, in import_module
    __import__(name)
  File "/usr/local/lib/python2.7/site-packages/gunicorn/workers/ggevent.py", line 22, in <module>
    raise RuntimeError("You need gevent installed to use this worker.")
RuntimeError: You need gevent installed to use this worker.
]


Error: class uri 'gevent' invalid or not found: 

[Traceback (most recent call last):
  File "/usr/local/lib/python2.7/site-packages/gunicorn/util.py", line 142, in load_class
    mod = import_module('.'.join(components))
  File "/usr/lib64/python2.7/importlib/__init__.py", line 37, in import_module
    __import__(name)
  File "/usr/local/lib/python2.7/site-packages/gunicorn/workers/ggevent.py", line 22, in <module>
    raise RuntimeError("You need gevent installed to use this worker.")
RuntimeError: You need gevent installed to use this worker.
]

[2016-09-09 03:03:18 +0000] [12591] [INFO] Starting gunicorn 19.6.0
[2016-09-09 03:03:18 +0000] [12591] [INFO] Listening at: http://127.0.0.1:9000 (12591)
[2016-09-09 03:03:18 +0000] [12591] [INFO] Using worker: gevent
[2016-09-09 03:03:18 +0000] [12596] [INFO] Booting worker with pid: 12596
INFO:root:Init mysql engine <0x7feda4e6b190> ok.
INFO:root:Scan ORMapping User...
INFO:root:Found mapping: created_at => <FloatField:created_at,real,default(<built-in function time>),I>
INFO:root:Found mapping: name => <StringField:name,varchar(50),default(),UI>
INFO:root:Found mapping: admin => <BooleanField:admin,bool,default(False),UI>
INFO:root:Found mapping: image => <StringField:image,varchar(500),default(),UI>
INFO:root:Found mapping: email => <StringField:email,varchar(50),default(),I>
INFO:root:Found mapping: password => <StringField:password,varchar(50),default(),UI>
INFO:root:Found mapping: id => <StringField:id,varchar(50),default(<function next_id at 0x7feda42c3cf8>),UI>
WARNING:root:NOTE: change primary key to non-updatable.
INFO:root:Scan ORMapping Blog...
INFO:root:Found mapping: user_image => <StringField:user_image,varchar(500),default(),UI>
INFO:root:Found mapping: user_id => <StringField:user_id,varchar(50),default(),I>
INFO:root:Found mapping: name => <StringField:name,varchar(50),default(),UI>
INFO:root:Found mapping: created_at => <FloatField:created_at,real,default(<built-in function time>),I>
INFO:root:Found mapping: summary => <StringField:summary,varchar(200),default(),UI>
INFO:root:Found mapping: content => <TextField:content,text,default(),UI>
INFO:root:Found mapping: user_name => <StringField:user_name,varchar(50),default(),UI>
INFO:root:Found mapping: id => <StringField:id,varchar(50),default(<function next_id at 0x7feda42c3cf8>),UI>
WARNING:root:NOTE: change primary key to non-updatable.
INFO:root:Scan ORMapping Comment...
INFO:root:Found mapping: user_image => <StringField:user_image,varchar(500),default(),UI>
INFO:root:Found mapping: blog_id => <StringField:blog_id,varchar(50),default(),I>
INFO:root:Found mapping: user_id => <StringField:user_id,varchar(50),default(),I>
INFO:root:Found mapping: created_at => <FloatField:created_at,real,default(<built-in function time>),I>
INFO:root:Found mapping: content => <TextField:content,text,default(),UI>
INFO:root:Found mapping: user_name => <StringField:user_name,varchar(50),default(),UI>
INFO:root:Found mapping: id => <StringField:id,varchar(50),default(<function next_id at 0x7feda42c3cf8>),UI>
WARNING:root:NOTE: change primary key to non-updatable.
INFO:root:Add interceptor: <function user_interceptor at 0x7feda42dc230>
INFO:root:Add interceptor: <function manage_interceptor at 0x7feda42dc398>
INFO:root:Add module: urls
INFO:root:Add route: Route(static,POST,path=/api/blogs)
INFO:root:Add route: Route(dynamic,POST,path=/api/blogs/:blog_id/comments)
INFO:root:Add route: Route(dynamic,POST,path=/api/blogs/:blog_id/delete)
INFO:root:Add route: Route(dynamic,POST,path=/api/comments/:comment_id/delete)
INFO:root:Add route: Route(dynamic,GET,path=/api/blogs/:blog_id)
INFO:root:Add route: Route(static,GET,path=/api/blogs)
INFO:root:Add route: Route(static,GET,path=/api/comments)
INFO:root:Add route: Route(static,GET,path=/api/users)
INFO:root:Add route: Route(dynamic,POST,path=/api/blogs/:blog_id)
INFO:root:Add route: Route(static,POST,path=/api/authenticate)
INFO:root:Add route: Route(dynamic,GET,path=/blog/:blog_id)
INFO:root:Add route: Route(static,GET,path=/)
INFO:root:Add route: Route(static,GET,path=/manage/blogs)
INFO:root:Add route: Route(static,GET,path=/manage/blogs/create)
INFO:root:Add route: Route(dynamic,GET,path=/manage/blogs/edit/:blog_id)
INFO:root:Add route: Route(static,GET,path=/manage/comments)
INFO:root:Add route: Route(static,GET,path=/manage/)
INFO:root:Add route: Route(static,GET,path=/manage/users)
INFO:root:Add route: Route(static,GET,path=/register)
INFO:root:Add route: Route(static,POST,path=/api/users)
INFO:root:Add route: Route(static,GET,path=/signin)
INFO:root:Add route: Route(static,GET,path=/signout)
INFO:root:try to bind user from session cookie...
INFO:root:open lazy connection...
INFO:root:SQL: select count(`id`) from `blogs`, ARGS: ()
INFO:root:open connection <0x7feda42dd610>...
INFO:root:close connection <0x7feda42dd610>...
INFO:root:open lazy connection...
INFO:root:SQL: select * from `blogs` order by created_at desc limit %s,%s, ARGS: (0, 0)
INFO:root:open connection <0x7feda42dd590>...
INFO:root:close connection <0x7feda42dd590>...
INFO:root:return Template
INFO:root:try to bind user from session cookie...
INFO:root:open lazy connection...
INFO:root:SQL: select count(`id`) from `blogs`, ARGS: ()
INFO:root:open connection <0x7feda42ddc10>...
INFO:root:close connection <0x7feda42ddc10>...
INFO:root:open lazy connection...
INFO:root:SQL: select * from `blogs` order by created_at desc limit %s,%s, ARGS: (0, 0)
INFO:root:open connection <0x7feda42dd350>...
INFO:root:close connection <0x7feda42dd350>...
INFO:root:return Template
INFO:root:try to bind user from session cookie...
INFO:root:open lazy connection...
INFO:root:SQL: select count(`id`) from `blogs`, ARGS: ()
INFO:root:open connection <0x7feda42ddf90>...
INFO:root:close connection <0x7feda42ddf90>...
INFO:root:open lazy connection...
INFO:root:SQL: select * from `blogs` order by created_at desc limit %s,%s, ARGS: (0, 0)
INFO:root:open connection <0x7feda42dd310>...
INFO:root:close connection <0x7feda42dd310>...
INFO:root:return Template
INFO:root:try to bind user from session cookie...
INFO:root:open lazy connection...
INFO:root:SQL: select count(`id`) from `blogs`, ARGS: ()
INFO:root:open connection <0x7feda42dd7d0>...
INFO:root:close connection <0x7feda42dd7d0>...
INFO:root:open lazy connection...
INFO:root:SQL: select * from `blogs` order by created_at desc limit %s,%s, ARGS: (0, 0)
INFO:root:open connection <0x7feda42dd390>...
INFO:root:close connection <0x7feda42dd390>...
INFO:root:return Template
INFO:root:try to bind user from session cookie...
INFO:root:open lazy connection...
INFO:root:SQL: select count(`id`) from `blogs`, ARGS: ()
INFO:root:open connection <0x7feda42dd590>...
INFO:root:close connection <0x7feda42dd590>...
INFO:root:open lazy connection...
INFO:root:SQL: select * from `blogs` order by created_at desc limit %s,%s, ARGS: (0, 0)
INFO:root:open connection <0x7feda42dd410>...
INFO:root:close connection <0x7feda42dd410>...
INFO:root:return Template
INFO:root:try to bind user from session cookie...
INFO:root:try to bind user from session cookie...
INFO:root:return Template
INFO:root:try to bind user from session cookie...
INFO:root:try to bind user from session cookie...
INFO:root:return Template
INFO:root:try to bind user from session cookie...
INFO:root:open lazy connection...
INFO:root:SQL: select count(`id`) from `blogs`, ARGS: ()
INFO:root:open connection <0x7feda42ddc10>...
INFO:root:close connection <0x7feda42ddc10>...
INFO:root:open lazy connection...
INFO:root:SQL: select * from `blogs` order by created_at desc limit %s,%s, ARGS: (0, 0)
INFO:root:open connection <0x7feda42dd2d0>...
INFO:root:close connection <0x7feda42dd2d0>...
INFO:root:return Template
INFO:root:try to bind user from session cookie...
INFO:root:return Template
INFO:root:try to bind user from session cookie...
INFO:root:open lazy connection...
INFO:root:SQL: select * from users where email=%s, ARGS: (u'17527695@qq.com',)
INFO:root:open connection <0x7feda42dd090>...
INFO:root:close connection <0x7feda42dd090>...
INFO:root:open lazy connection...
INFO:root:SQL: insert into `users` (`name`,`admin`,`created_at`,`email`,`id`,`password`,`image`) values (%s,%s,%s,%s,%s,%s,%s), ARGS: (u'herbert', False, 1473391473.943678, u'17527695@qq.com', '001473391473943abdd58963b17455eb426adfe5f1d0953000', u'a35b1923b1256b35a7309a8fbc7d2f75', 'http://www.gravatar.com/avatar/338d28f2ff0c29ddc1956c31aaf694c2?d=mm&s=120')
INFO:root:open connection <0x7feda42dd990>...
INFO:root:auto commit
INFO:root:close connection <0x7feda42dd990>...
INFO:root:try to bind user from session cookie...
INFO:root:parse session cookie...
INFO:root:open lazy connection...
INFO:root:SQL: select * from users where id=%s, ARGS: (u'001473391473943abdd58963b17455eb426adfe5f1d0953000',)
INFO:root:open connection <0x7feda42dd2d0>...
INFO:root:close connection <0x7feda42dd2d0>...
INFO:root:bind user <17527695@qq.com> to session...
INFO:root:open lazy connection...
INFO:root:SQL: select count(`id`) from `blogs`, ARGS: ()
INFO:root:open connection <0x7feda42dd390>...
INFO:root:close connection <0x7feda42dd390>...
INFO:root:open lazy connection...
INFO:root:SQL: select * from `blogs` order by created_at desc limit %s,%s, ARGS: (0, 0)
INFO:root:open connection <0x7feda42dd2d0>...
INFO:root:close connection <0x7feda42dd2d0>...
INFO:root:return Template
INFO:root:try to bind user from session cookie...
INFO:root:parse session cookie...
INFO:root:open lazy connection...
INFO:root:SQL: select * from users where id=%s, ARGS: (u'001473391473943abdd58963b17455eb426adfe5f1d0953000',)
INFO:root:open connection <0x7feda42dd990>...
INFO:root:close connection <0x7feda42dd990>...
INFO:root:bind user <17527695@qq.com> to session...
INFO:root:open lazy connection...
INFO:root:SQL: select count(`id`) from `blogs`, ARGS: ()
INFO:root:open connection <0x7feda42dd2d0>...
INFO:root:close connection <0x7feda42dd2d0>...
INFO:root:open lazy connection...
INFO:root:SQL: select * from `blogs` order by created_at desc limit %s,%s, ARGS: (0, 0)
INFO:root:open connection <0x7feda4229490>...
INFO:root:close connection <0x7feda4229490>...
INFO:root:return Template
INFO:root:try to bind user from session cookie...
INFO:root:try to bind user from session cookie...
INFO:root:try to bind user from session cookie...
INFO:root:parse session cookie...
INFO:root:open lazy connection...
INFO:root:SQL: select * from users where id=%s, ARGS: (u'001473391473943abdd58963b17455eb426adfe5f1d0953000',)
INFO:root:open connection <0x7feda4229150>...
INFO:root:close connection <0x7feda4229150>...
INFO:root:bind user <17527695@qq.com> to session...
INFO:root:open lazy connection...
INFO:root:SQL: select count(`id`) from `blogs`, ARGS: ()
INFO:root:open connection <0x7feda4229150>...
INFO:root:close connection <0x7feda4229150>...
INFO:root:open lazy connection...
INFO:root:SQL: select * from `blogs` order by created_at desc limit %s,%s, ARGS: (0, 0)
INFO:root:open connection <0x7feda4229490>...
INFO:root:close connection <0x7feda4229490>...
INFO:root:return Template
INFO:root:try to bind user from session cookie...
INFO:root:parse session cookie...
INFO:root:open lazy connection...
INFO:root:SQL: select * from users where id=%s, ARGS: (u'001473391473943abdd58963b17455eb426adfe5f1d0953000',)
INFO:root:open connection <0x7feda4229490>...
INFO:root:close connection <0x7feda4229490>...
INFO:root:bind user <17527695@qq.com> to session...
INFO:root:try to bind user from session cookie...
INFO:root:parse session cookie...
INFO:root:open lazy connection...
INFO:root:SQL: select * from users where id=%s, ARGS: (u'001473391473943abdd58963b17455eb426adfe5f1d0953000',)
INFO:root:open connection <0x7feda42290d0>...
INFO:root:close connection <0x7feda42290d0>...
INFO:root:bind user <17527695@qq.com> to session...
INFO:root:return Template
INFO:root:try to bind user from session cookie...
INFO:root:parse session cookie...
INFO:root:open lazy connection...
INFO:root:SQL: select * from users where id=%s, ARGS: (u'001473391473943abdd58963b17455eb426adfe5f1d0953000',)
INFO:root:open connection <0x7feda42dd7d0>...
INFO:root:close connection <0x7feda42dd7d0>...
INFO:root:bind user <17527695@qq.com> to session...
INFO:root:open lazy connection...
INFO:root:SQL: select * from users where email=%s, ARGS: (u'admin@example.com',)
INFO:root:open connection <0x7feda42ddf10>...
INFO:root:close connection <0x7feda42ddf10>...
INFO:root:try to bind user from session cookie...
INFO:root:parse session cookie...
INFO:root:open lazy connection...
INFO:root:SQL: select * from users where id=%s, ARGS: (u'001473391473943abdd58963b17455eb426adfe5f1d0953000',)
INFO:root:open connection <0x7feda42dd7d0>...
INFO:root:close connection <0x7feda42dd7d0>...
INFO:root:bind user <17527695@qq.com> to session...
INFO:root:open lazy connection...
INFO:root:SQL: select * from users where email=%s, ARGS: (u'admin@example.com',)
INFO:root:open connection <0x7feda42dd5d0>...
INFO:root:close connection <0x7feda42dd5d0>...
INFO:root:try to bind user from session cookie...
INFO:root:parse session cookie...
INFO:root:open lazy connection...
INFO:root:SQL: select * from users where id=%s, ARGS: (u'001473391473943abdd58963b17455eb426adfe5f1d0953000',)
INFO:root:open connection <0x7feda42dda90>...
INFO:root:close connection <0x7feda42dda90>...
INFO:root:bind user <17527695@qq.com> to session...
INFO:root:open lazy connection...
INFO:root:SQL: select count(`id`) from `blogs`, ARGS: ()
INFO:root:open connection <0x7feda42dd7d0>...
INFO:root:close connection <0x7feda42dd7d0>...
INFO:root:open lazy connection...
INFO:root:SQL: select * from `blogs` order by created_at desc limit %s,%s, ARGS: (0, 0)
INFO:root:open connection <0x7feda42dda90>...
INFO:root:close connection <0x7feda42dda90>...
INFO:root:return Template
INFO:root:try to bind user from session cookie...
INFO:root:parse session cookie...
INFO:root:open lazy connection...
INFO:root:SQL: select * from users where id=%s, ARGS: (u'001473391473943abdd58963b17455eb426adfe5f1d0953000',)
INFO:root:open connection <0x7feda42dd5d0>...
INFO:root:close connection <0x7feda42dd5d0>...
INFO:root:bind user <17527695@qq.com> to session...
INFO:root:open lazy connection...
INFO:root:SQL: select count(`id`) from `blogs`, ARGS: ()
INFO:root:open connection <0x7feda42dda90>...
INFO:root:close connection <0x7feda42dda90>...
INFO:root:open lazy connection...
INFO:root:SQL: select * from `blogs` order by created_at desc limit %s,%s, ARGS: (0, 0)
INFO:root:open connection <0x7feda42295d0>...
INFO:root:close connection <0x7feda42295d0>...
INFO:root:return Template
INFO:root:try to bind user from session cookie...
INFO:root:parse session cookie...
INFO:root:open lazy connection...
INFO:root:SQL: select * from users where id=%s, ARGS: (u'001473391473943abdd58963b17455eb426adfe5f1d0953000',)
INFO:root:open connection <0x7feda4229590>...
INFO:root:close connection <0x7feda4229590>...
INFO:root:bind user <17527695@qq.com> to session...
INFO:root:open lazy connection...
INFO:root:SQL: select count(`id`) from `blogs`, ARGS: ()
INFO:root:open connection <0x7feda4229590>...
INFO:root:close connection <0x7feda4229590>...
INFO:root:open lazy connection...
INFO:root:SQL: select * from `blogs` order by created_at desc limit %s,%s, ARGS: (0, 0)
INFO:root:open connection <0x7feda42295d0>...
INFO:root:close connection <0x7feda42295d0>...
INFO:root:return Template
INFO:root:try to bind user from session cookie...
INFO:root:parse session cookie...
INFO:root:open lazy connection...
INFO:root:SQL: select * from users where id=%s, ARGS: (u'001473391473943abdd58963b17455eb426adfe5f1d0953000',)
INFO:root:open connection <0x7feda42295d0>...
INFO:root:close connection <0x7feda42295d0>...
INFO:root:bind user <17527695@qq.com> to session...
INFO:root:try to bind user from session cookie...
INFO:root:open lazy connection...
INFO:root:SQL: select count(`id`) from `blogs`, ARGS: ()
INFO:root:open connection <0x7feda4229390>...
INFO:root:close connection <0x7feda4229390>...
INFO:root:open lazy connection...
INFO:root:SQL: select * from `blogs` order by created_at desc limit %s,%s, ARGS: (0, 0)
INFO:root:open connection <0x7feda4229150>...
INFO:root:close connection <0x7feda4229150>...
INFO:root:return Template
INFO:root:try to bind user from session cookie...
INFO:root:return Template
INFO:root:try to bind user from session cookie...
INFO:root:open lazy connection...
INFO:root:SQL: select * from users where email=%s, ARGS: (u'17527695@qq.com',)
INFO:root:open connection <0x7feda42292d0>...
INFO:root:close connection <0x7feda42292d0>...
INFO:root:try to bind user from session cookie...
INFO:root:parse session cookie...
INFO:root:open lazy connection...
INFO:root:SQL: select * from users where id=%s, ARGS: (u'001473391473943abdd58963b17455eb426adfe5f1d0953000',)
INFO:root:open connection <0x7feda4229150>...
INFO:root:close connection <0x7feda4229150>...
INFO:root:bind user <17527695@qq.com> to session...
INFO:root:try to bind user from session cookie...
INFO:root:parse session cookie...
INFO:root:open lazy connection...
INFO:root:SQL: select * from users where id=%s, ARGS: (u'001473391473943abdd58963b17455eb426adfe5f1d0953000',)
INFO:root:open connection <0x7feda42292d0>...
INFO:root:close connection <0x7feda42292d0>...
INFO:root:bind user <17527695@qq.com> to session...
INFO:root:return Template
INFO:root:try to bind user from session cookie...
INFO:root:parse session cookie...
INFO:root:open lazy connection...
INFO:root:SQL: select * from users where id=%s, ARGS: (u'001473391473943abdd58963b17455eb426adfe5f1d0953000',)
INFO:root:open connection <0x7feda4229990>...
INFO:root:close connection <0x7feda4229990>...
INFO:root:bind user <17527695@qq.com> to session...
INFO:root:open lazy connection...
INFO:root:SQL: select count(`id`) from `comments`, ARGS: ()
INFO:root:open connection <0x7feda4229a50>...
INFO:root:close connection <0x7feda4229a50>...
INFO:root:open lazy connection...
INFO:root:SQL: select * from `comments` order by created_at desc limit %s,%s, ARGS: (0, 0)
INFO:root:open connection <0x7feda4229990>...
INFO:root:close connection <0x7feda4229990>...
INFO:root:try to bind user from session cookie...
INFO:root:parse session cookie...
INFO:root:open lazy connection...
INFO:root:SQL: select * from users where id=%s, ARGS: (u'001473391473943abdd58963b17455eb426adfe5f1d0953000',)
INFO:root:open connection <0x7feda4229cd0>...
INFO:root:close connection <0x7feda4229cd0>...
INFO:root:bind user <17527695@qq.com> to session...
INFO:root:return Template
INFO:root:try to bind user from session cookie...
INFO:root:parse session cookie...
INFO:root:open lazy connection...
INFO:root:SQL: select * from users where id=%s, ARGS: (u'001473391473943abdd58963b17455eb426adfe5f1d0953000',)
INFO:root:open connection <0x7feda4229c50>...
INFO:root:close connection <0x7feda4229c50>...
INFO:root:bind user <17527695@qq.com> to session...
INFO:root:open lazy connection...
INFO:root:SQL: select count(`id`) from `blogs`, ARGS: ()
INFO:root:open connection <0x7feda4229d50>...
INFO:root:close connection <0x7feda4229d50>...
INFO:root:open lazy connection...
INFO:root:SQL: select * from `blogs` order by created_at desc limit %s,%s, ARGS: (0, 0)
INFO:root:open connection <0x7feda4229c50>...
INFO:root:close connection <0x7feda4229c50>...
INFO:root:try to bind user from session cookie...
INFO:root:parse session cookie...
INFO:root:open lazy connection...
INFO:root:SQL: select * from users where id=%s, ARGS: (u'001473391473943abdd58963b17455eb426adfe5f1d0953000',)
INFO:root:open connection <0x7feda4229fd0>...
INFO:root:close connection <0x7feda4229fd0>...
INFO:root:bind user <17527695@qq.com> to session...
INFO:root:return Template
INFO:root:try to bind user from session cookie...
INFO:root:parse session cookie...
INFO:root:open lazy connection...
INFO:root:SQL: select * from users where id=%s, ARGS: (u'001473391473943abdd58963b17455eb426adfe5f1d0953000',)
INFO:root:open connection <0x7feda4229350>...
INFO:root:close connection <0x7feda4229350>...
INFO:root:bind user <17527695@qq.com> to session...
INFO:root:open lazy connection...
INFO:root:SQL: select count(`id`) from `users`, ARGS: ()
INFO:root:open connection <0x7feda4229c90>...
INFO:root:close connection <0x7feda4229c90>...
INFO:root:open lazy connection...
INFO:root:SQL: select * from `users` order by created_at desc limit %s,%s, ARGS: (0, 15)
INFO:root:open connection <0x7feda4229350>...
INFO:root:close connection <0x7feda4229350>...
INFO:root:try to bind user from session cookie...
INFO:root:parse session cookie...
INFO:root:open lazy connection...
INFO:root:SQL: select * from users where id=%s, ARGS: (u'001473391473943abdd58963b17455eb426adfe5f1d0953000',)
INFO:root:open connection <0x7feda4229310>...
INFO:root:close connection <0x7feda4229310>...
INFO:root:bind user <17527695@qq.com> to session...
INFO:root:return Template
INFO:root:try to bind user from session cookie...
INFO:root:parse session cookie...
INFO:root:open lazy connection...
INFO:root:SQL: select * from users where id=%s, ARGS: (u'001473391473943abdd58963b17455eb426adfe5f1d0953000',)
INFO:root:open connection <0x7feda4229c90>...
INFO:root:close connection <0x7feda4229c90>...
INFO:root:bind user <17527695@qq.com> to session...
INFO:root:return Template
INFO:root:try to bind user from session cookie...
INFO:root:parse session cookie...
INFO:root:open lazy connection...
INFO:root:SQL: select * from users where id=%s, ARGS: (u'001473391473943abdd58963b17455eb426adfe5f1d0953000',)
INFO:root:open connection <0x7feda4229a90>...
INFO:root:close connection <0x7feda4229a90>...
INFO:root:bind user <17527695@qq.com> to session...
INFO:root:open lazy connection...
INFO:root:SQL: insert into `blogs` (`user_image`,`user_id`,`name`,`created_at`,`summary`,`content`,`user_name`,`id`) values (%s,%s,%s,%s,%s,%s,%s,%s), ARGS: ('', u'001473391473943abdd58963b17455eb426adfe5f1d0953000', u'\u8fd9\u662f\u7b2c\u4e00\u8d34', 1473392409.946, u'\u9996\u53d1', u'\u8fd9\u662f\u8fd9\u4e2a\u8bba\u575b\u7684\u7b2c\u4e00\u5e16\uff0c\u4e0d\u77e5\u9053\u4e3a\u4ec0\u4e48\u6ca1\u6709\u4e86CSS\u8fd9\u4e9b\u4e1c\u897f\uff0c\u8fd8\u5f97\u56de\u53bb\u6539\u6539', u'herbert', '0014733924099462529c74edc8e45a4915873400d221e48000')
INFO:root:open connection <0x7feda4229c50>...
INFO:root:auto commit
INFO:root:close connection <0x7feda4229c50>...
INFO:root:try to bind user from session cookie...
INFO:root:parse session cookie...
INFO:root:open lazy connection...
INFO:root:SQL: select * from users where id=%s, ARGS: (u'001473391473943abdd58963b17455eb426adfe5f1d0953000',)
INFO:root:open connection <0x7feda42294d0>...
INFO:root:close connection <0x7feda42294d0>...
INFO:root:bind user <17527695@qq.com> to session...
INFO:root:return Template
INFO:root:try to bind user from session cookie...
INFO:root:parse session cookie...
INFO:root:open lazy connection...
INFO:root:SQL: select * from users where id=%s, ARGS: (u'001473391473943abdd58963b17455eb426adfe5f1d0953000',)
INFO:root:open connection <0x7feda4229650>...
INFO:root:close connection <0x7feda4229650>...
INFO:root:bind user <17527695@qq.com> to session...
INFO:root:return Template
INFO:root:try to bind user from session cookie...
INFO:root:parse session cookie...
INFO:root:open lazy connection...
INFO:root:SQL: select * from users where id=%s, ARGS: (u'001473391473943abdd58963b17455eb426adfe5f1d0953000',)
INFO:root:open connection <0x7feda4229450>...
INFO:root:close connection <0x7feda4229450>...
INFO:root:bind user <17527695@qq.com> to session...
INFO:root:return Template
INFO:root:try to bind user from session cookie...
INFO:root:parse session cookie...
INFO:root:open lazy connection...
INFO:root:SQL: select * from users where id=%s, ARGS: (u'001473391473943abdd58963b17455eb426adfe5f1d0953000',)
INFO:root:open connection <0x7feda4229150>...
INFO:root:close connection <0x7feda4229150>...
INFO:root:bind user <17527695@qq.com> to session...
INFO:root:return Template
INFO:root:try to bind user from session cookie...
INFO:root:parse session cookie...
INFO:root:open lazy connection...
INFO:root:SQL: select * from users where id=%s, ARGS: (u'001473391473943abdd58963b17455eb426adfe5f1d0953000',)
INFO:root:open connection <0x7feda4229fd0>...
INFO:root:close connection <0x7feda4229fd0>...
INFO:root:bind user <17527695@qq.com> to session...
INFO:root:return Template
INFO:root:try to bind user from session cookie...
INFO:root:parse session cookie...
INFO:root:open lazy connection...
INFO:root:SQL: select * from users where id=%s, ARGS: (u'001473391473943abdd58963b17455eb426adfe5f1d0953000',)
INFO:root:open connection <0x7feda4229cd0>...
INFO:root:close connection <0x7feda4229cd0>...
INFO:root:bind user <17527695@qq.com> to session...
INFO:root:open lazy connection...
INFO:root:SQL: select count(`id`) from `blogs`, ARGS: ()
INFO:root:open connection <0x7feda4229ed0>...
INFO:root:close connection <0x7feda4229ed0>...
INFO:root:open lazy connection...
INFO:root:SQL: select * from `blogs` order by created_at desc limit %s,%s, ARGS: (0, 15)
INFO:root:open connection <0x7feda4229cd0>...
INFO:root:close connection <0x7feda4229cd0>...
INFO:root:try to bind user from session cookie...
INFO:root:parse session cookie...
INFO:root:open lazy connection...
INFO:root:SQL: select * from users where id=%s, ARGS: (u'001473391473943abdd58963b17455eb426adfe5f1d0953000',)
INFO:root:open connection <0x7feda4229b10>...
INFO:root:close connection <0x7feda4229b10>...
INFO:root:bind user <17527695@qq.com> to session...
INFO:root:open lazy connection...
INFO:root:SQL: select count(`id`) from `blogs`, ARGS: ()
INFO:root:open connection <0x7feda4229bd0>...
INFO:root:close connection <0x7feda4229bd0>...
INFO:root:open lazy connection...
INFO:root:SQL: select * from `blogs` order by created_at desc limit %s,%s, ARGS: (0, 15)
INFO:root:open connection <0x7feda4229b10>...
INFO:root:close connection <0x7feda4229b10>...
INFO:root:return Template
INFO:root:try to bind user from session cookie...
INFO:root:parse session cookie...
INFO:root:open lazy connection...
INFO:root:SQL: select * from users where id=%s, ARGS: (u'001473391473943abdd58963b17455eb426adfe5f1d0953000',)
INFO:root:open connection <0x7feda4229f10>...
INFO:root:close connection <0x7feda4229f10>...
INFO:root:bind user <17527695@qq.com> to session...
INFO:root:open lazy connection...
INFO:root:SQL: select * from blogs where id=%s, ARGS: ('0014733924099462529c74edc8e45a4915873400d221e48000',)
INFO:root:open connection <0x7feda42293d0>...
INFO:root:close connection <0x7feda42293d0>...
INFO:root:open lazy connection...
INFO:root:SQL: select * from `comments` where blog_id=%s order by created_at desc limit 1000, ARGS: ('0014733924099462529c74edc8e45a4915873400d221e48000',)
INFO:root:open connection <0x7feda4229190>...
INFO:root:close connection <0x7feda4229190>...
INFO:root:return Template
INFO:root:try to bind user from session cookie...
INFO:root:parse session cookie...
INFO:root:open lazy connection...
INFO:root:SQL: select * from users where id=%s, ARGS: (u'001473391473943abdd58963b17455eb426adfe5f1d0953000',)
INFO:root:open connection <0x7feda408e590>...
INFO:root:close connection <0x7feda408e590>...
INFO:root:bind user <17527695@qq.com> to session...
INFO:root:open lazy connection...
INFO:root:SQL: select * from blogs where id=%s, ARGS: ('0014733924099462529c74edc8e45a4915873400d221e48000',)
INFO:root:open connection <0x7feda408e4d0>...
INFO:root:close connection <0x7feda408e4d0>...
INFO:root:open lazy connection...
INFO:root:SQL: select * from `comments` where blog_id=%s order by created_at desc limit 1000, ARGS: ('0014733924099462529c74edc8e45a4915873400d221e48000',)
INFO:root:open connection <0x7feda408e4d0>...
INFO:root:close connection <0x7feda408e4d0>...
INFO:root:return Template
INFO:root:try to bind user from session cookie...
INFO:root:parse session cookie...
INFO:root:open lazy connection...
INFO:root:SQL: select * from users where id=%s, ARGS: (u'001473391473943abdd58963b17455eb426adfe5f1d0953000',)
INFO:root:open connection <0x7feda408e4d0>...
INFO:root:close connection <0x7feda408e4d0>...
INFO:root:bind user <17527695@qq.com> to session...
INFO:root:open lazy connection...
INFO:root:SQL: select * from blogs where id=%s, ARGS: ('0014733924099462529c74edc8e45a4915873400d221e48000',)
INFO:root:open connection <0x7feda408e350>...
INFO:root:close connection <0x7feda408e350>...
INFO:root:open lazy connection...
INFO:root:SQL: select * from `comments` where blog_id=%s order by created_at desc limit 1000, ARGS: ('0014733924099462529c74edc8e45a4915873400d221e48000',)
INFO:root:open connection <0x7feda408e350>...
INFO:root:close connection <0x7feda408e350>...
INFO:root:return Template
INFO:root:try to bind user from session cookie...
INFO:root:parse session cookie...
INFO:root:open lazy connection...
INFO:root:SQL: select * from users where id=%s, ARGS: (u'001473391473943abdd58963b17455eb426adfe5f1d0953000',)
INFO:root:open connection <0x7feda408e350>...
INFO:root:close connection <0x7feda408e350>...
INFO:root:bind user <17527695@qq.com> to session...
INFO:root:open lazy connection...
INFO:root:SQL: select * from blogs where id=%s, ARGS: ('0014733924099462529c74edc8e45a4915873400d221e48000',)
INFO:root:open connection <0x7feda408e090>...
INFO:root:close connection <0x7feda408e090>...
INFO:root:open lazy connection...
INFO:root:SQL: select * from `comments` where blog_id=%s order by created_at desc limit 1000, ARGS: ('0014733924099462529c74edc8e45a4915873400d221e48000',)
INFO:root:open connection <0x7feda408e090>...
INFO:root:close connection <0x7feda408e090>...
INFO:root:return Template
INFO:root:try to bind user from session cookie...
INFO:root:parse session cookie...
INFO:root:open lazy connection...
INFO:root:SQL: select * from users where id=%s, ARGS: (u'001473391473943abdd58963b17455eb426adfe5f1d0953000',)
INFO:root:open connection <0x7feda408e090>...
INFO:root:close connection <0x7feda408e090>...
INFO:root:bind user <17527695@qq.com> to session...
INFO:root:open lazy connection...
INFO:root:SQL: select * from blogs where id=%s, ARGS: ('0014733924099462529c74edc8e45a4915873400d221e48000',)
INFO:root:open connection <0x7feda408e290>...
INFO:root:close connection <0x7feda408e290>...
INFO:root:open lazy connection...
INFO:root:SQL: select * from `comments` where blog_id=%s order by created_at desc limit 1000, ARGS: ('0014733924099462529c74edc8e45a4915873400d221e48000',)
INFO:root:open connection <0x7feda408e290>...
INFO:root:close connection <0x7feda408e290>...
INFO:root:return Template
INFO:root:try to bind user from session cookie...
INFO:root:parse session cookie...
INFO:root:open lazy connection...
INFO:root:SQL: select * from users where id=%s, ARGS: (u'001473391473943abdd58963b17455eb426adfe5f1d0953000',)
INFO:root:open connection <0x7feda408e290>...
INFO:root:close connection <0x7feda408e290>...
INFO:root:bind user <17527695@qq.com> to session...
INFO:root:open lazy connection...
INFO:root:SQL: select * from blogs where id=%s, ARGS: ('0014733924099462529c74edc8e45a4915873400d221e48000',)
INFO:root:open connection <0x7feda408e410>...
INFO:root:close connection <0x7feda408e410>...
INFO:root:open lazy connection...
INFO:root:SQL: select * from `comments` where blog_id=%s order by created_at desc limit 1000, ARGS: ('0014733924099462529c74edc8e45a4915873400d221e48000',)
INFO:root:open connection <0x7feda408e410>...
INFO:root:close connection <0x7feda408e410>...
INFO:root:return Template
INFO:root:try to bind user from session cookie...
INFO:root:parse session cookie...
INFO:root:open lazy connection...
INFO:root:SQL: select * from users where id=%s, ARGS: (u'001473391473943abdd58963b17455eb426adfe5f1d0953000',)
INFO:root:open connection <0x7feda408e410>...
INFO:root:close connection <0x7feda408e410>...
INFO:root:bind user <17527695@qq.com> to session...
INFO:root:open lazy connection...
INFO:root:SQL: select * from blogs where id=%s, ARGS: ('0014733924099462529c74edc8e45a4915873400d221e48000',)
INFO:root:open connection <0x7feda408e310>...
INFO:root:close connection <0x7feda408e310>...
INFO:root:open lazy connection...
INFO:root:SQL: select * from `comments` where blog_id=%s order by created_at desc limit 1000, ARGS: ('0014733924099462529c74edc8e45a4915873400d221e48000',)
INFO:root:open connection <0x7feda408e310>...
INFO:root:close connection <0x7feda408e310>...
INFO:root:return Template
INFO:root:try to bind user from session cookie...
INFO:root:parse session cookie...
INFO:root:open lazy connection...
INFO:root:SQL: select * from users where id=%s, ARGS: (u'001473391473943abdd58963b17455eb426adfe5f1d0953000',)
INFO:root:open connection <0x7feda408e310>...
INFO:root:close connection <0x7feda408e310>...
INFO:root:bind user <17527695@qq.com> to session...
INFO:root:open lazy connection...
INFO:root:SQL: select * from blogs where id=%s, ARGS: ('0014733924099462529c74edc8e45a4915873400d221e48000',)
INFO:root:open connection <0x7feda408e490>...
INFO:root:close connection <0x7feda408e490>...
INFO:root:open lazy connection...
INFO:root:SQL: select * from `comments` where blog_id=%s order by created_at desc limit 1000, ARGS: ('0014733924099462529c74edc8e45a4915873400d221e48000',)
INFO:root:open connection <0x7feda408e490>...
INFO:root:close connection <0x7feda408e490>...
INFO:root:return Template
INFO:root:try to bind user from session cookie...
INFO:root:parse session cookie...
INFO:root:open lazy connection...
INFO:root:SQL: select * from users where id=%s, ARGS: (u'001473391473943abdd58963b17455eb426adfe5f1d0953000',)
INFO:root:open connection <0x7feda408e490>...
INFO:root:close connection <0x7feda408e490>...
INFO:root:bind user <17527695@qq.com> to session...
INFO:root:open lazy connection...
INFO:root:SQL: select * from blogs where id=%s, ARGS: ('0014733924099462529c74edc8e45a4915873400d221e48000',)
INFO:root:open connection <0x7feda408e450>...
INFO:root:close connection <0x7feda408e450>...
INFO:root:open lazy connection...
INFO:root:SQL: select * from `comments` where blog_id=%s order by created_at desc limit 1000, ARGS: ('0014733924099462529c74edc8e45a4915873400d221e48000',)
INFO:root:open connection <0x7feda408e450>...
INFO:root:close connection <0x7feda408e450>...
INFO:root:return Template
INFO:root:try to bind user from session cookie...
INFO:root:parse session cookie...
INFO:root:open lazy connection...
INFO:root:SQL: select * from users where id=%s, ARGS: (u'001473391473943abdd58963b17455eb426adfe5f1d0953000',)
INFO:root:open connection <0x7feda408e450>...
INFO:root:close connection <0x7feda408e450>...
INFO:root:bind user <17527695@qq.com> to session...
INFO:root:open lazy connection...
INFO:root:SQL: select * from blogs where id=%s, ARGS: ('0014733924099462529c74edc8e45a4915873400d221e48000',)
INFO:root:open connection <0x7feda408e590>...
INFO:root:close connection <0x7feda408e590>...
INFO:root:open lazy connection...
INFO:root:SQL: select * from `comments` where blog_id=%s order by created_at desc limit 1000, ARGS: ('0014733924099462529c74edc8e45a4915873400d221e48000',)
INFO:root:open connection <0x7feda408e590>...
INFO:root:close connection <0x7feda408e590>...
INFO:root:return Template
INFO:root:try to bind user from session cookie...
INFO:root:open lazy connection...
INFO:root:SQL: select count(`id`) from `blogs`, ARGS: ()
INFO:root:open connection <0x7feda408e590>...
INFO:root:close connection <0x7feda408e590>...
INFO:root:open lazy connection...
INFO:root:SQL: select * from `blogs` order by created_at desc limit %s,%s, ARGS: (0, 15)
INFO:root:open connection <0x7feda408e4d0>...
INFO:root:close connection <0x7feda408e4d0>...
INFO:root:return Template
INFO:root:try to bind user from session cookie...
INFO:root:open lazy connection...
INFO:root:SQL: select count(`id`) from `blogs`, ARGS: ()
INFO:root:open connection <0x7feda408ea10>...
INFO:root:close connection <0x7feda408ea10>...
INFO:root:open lazy connection...
INFO:root:SQL: select * from `blogs` order by created_at desc limit %s,%s, ARGS: (0, 15)
INFO:root:open connection <0x7feda408e450>...
INFO:root:close connection <0x7feda408e450>...
INFO:root:return Template
INFO:root:try to bind user from session cookie...
INFO:root:open lazy connection...
INFO:root:SQL: select count(`id`) from `blogs`, ARGS: ()
INFO:root:open connection <0x7feda408e510>...
INFO:root:close connection <0x7feda408e510>...
INFO:root:open lazy connection...
INFO:root:SQL: select * from `blogs` order by created_at desc limit %s,%s, ARGS: (0, 15)
INFO:root:open connection <0x7feda408e3d0>...
INFO:root:close connection <0x7feda408e3d0>...
INFO:root:return Template
INFO:root:try to bind user from session cookie...
INFO:root:open lazy connection...
INFO:root:SQL: select count(`id`) from `blogs`, ARGS: ()
INFO:root:open connection <0x7feda408ea90>...
INFO:root:close connection <0x7feda408ea90>...
INFO:root:open lazy connection...
INFO:root:SQL: select * from `blogs` order by created_at desc limit %s,%s, ARGS: (0, 15)
INFO:root:open connection <0x7feda408e490>...
INFO:root:close connection <0x7feda408e490>...
INFO:root:return Template
INFO:root:try to bind user from session cookie...
INFO:root:open lazy connection...
INFO:root:SQL: select count(`id`) from `blogs`, ARGS: ()
INFO:root:open connection <0x7feda408e550>...
INFO:root:close connection <0x7feda408e550>...
INFO:root:open lazy connection...
INFO:root:SQL: select * from `blogs` order by created_at desc limit %s,%s, ARGS: (0, 15)
INFO:root:open connection <0x7feda408ea10>...
INFO:root:close connection <0x7feda408ea10>...
INFO:root:return Template
INFO:root:try to bind user from session cookie...
INFO:root:open lazy connection...
INFO:root:SQL: select count(`id`) from `blogs`, ARGS: ()
INFO:root:open connection <0x7feda408e990>...
INFO:root:close connection <0x7feda408e990>...
INFO:root:open lazy connection...
INFO:root:SQL: select * from `blogs` order by created_at desc limit %s,%s, ARGS: (0, 15)
INFO:root:open connection <0x7feda408e610>...
INFO:root:close connection <0x7feda408e610>...
INFO:root:return Template
INFO:root:try to bind user from session cookie...
INFO:root:open lazy connection...
INFO:root:SQL: select * from blogs where id=%s, ARGS: ('0014733924099462529c74edc8e45a4915873400d221e48000',)
INFO:root:open connection <0x7feda408e210>...
INFO:root:close connection <0x7feda408e210>...
INFO:root:open lazy connection...
INFO:root:SQL: select * from `comments` where blog_id=%s order by created_at desc limit 1000, ARGS: ('0014733924099462529c74edc8e45a4915873400d221e48000',)
INFO:root:open connection <0x7feda408e210>...
INFO:root:close connection <0x7feda408e210>...
INFO:root:return Template
INFO:root:try to bind user from session cookie...
INFO:root:open lazy connection...
INFO:root:SQL: select * from blogs where id=%s, ARGS: ('0014733924099462529c74edc8e45a4915873400d221e48000',)
INFO:root:open connection <0x7feda408ee90>...
INFO:root:close connection <0x7feda408ee90>...
INFO:root:open lazy connection...
INFO:root:SQL: select * from `comments` where blog_id=%s order by created_at desc limit 1000, ARGS: ('0014733924099462529c74edc8e45a4915873400d221e48000',)
INFO:root:open connection <0x7feda408ee90>...
INFO:root:close connection <0x7feda408ee90>...
INFO:root:return Template
INFO:root:try to bind user from session cookie...
INFO:root:open lazy connection...
INFO:root:SQL: select count(`id`) from `blogs`, ARGS: ()
INFO:root:open connection <0x7feda408e490>...
INFO:root:close connection <0x7feda408e490>...
INFO:root:open lazy connection...
INFO:root:SQL: select * from `blogs` order by created_at desc limit %s,%s, ARGS: (0, 15)
INFO:root:open connection <0x7feda408ea90>...
INFO:root:close connection <0x7feda408ea90>...
INFO:root:return Template
INFO:root:try to bind user from session cookie...
INFO:root:open lazy connection...
INFO:root:SQL: select count(`id`) from `blogs`, ARGS: ()
INFO:root:open connection <0x7feda408e350>...
INFO:root:close connection <0x7feda408e350>...
INFO:root:open lazy connection...
INFO:root:SQL: select * from `blogs` order by created_at desc limit %s,%s, ARGS: (0, 15)
INFO:root:open connection <0x7feda408e550>...
INFO:root:close connection <0x7feda408e550>...
INFO:root:return Template
INFO:root:try to bind user from session cookie...
INFO:root:open lazy connection...
INFO:root:SQL: select count(`id`) from `blogs`, ARGS: ()
INFO:root:open connection <0x7feda408e850>...
INFO:root:close connection <0x7feda408e850>...
INFO:root:open lazy connection...
INFO:root:SQL: select * from `blogs` order by created_at desc limit %s,%s, ARGS: (0, 15)
INFO:root:open connection <0x7feda408e990>...
INFO:root:close connection <0x7feda408e990>...
INFO:root:return Template
INFO:root:try to bind user from session cookie...
INFO:root:open lazy connection...
INFO:root:SQL: select count(`id`) from `blogs`, ARGS: ()
INFO:root:open connection <0x7feda408ef90>...
INFO:root:close connection <0x7feda408ef90>...
INFO:root:open lazy connection...
INFO:root:SQL: select * from `blogs` order by created_at desc limit %s,%s, ARGS: (0, 15)
INFO:root:open connection <0x7feda408e450>...
INFO:root:close connection <0x7feda408e450>...
INFO:root:return Template
INFO:root:try to bind user from session cookie...
INFO:root:open lazy connection...
INFO:root:SQL: select * from blogs where id=%s, ARGS: ('0014733924099462529c74edc8e45a4915873400d221e48000',)
INFO:root:open connection <0x7feda408e3d0>...
INFO:root:close connection <0x7feda408e3d0>...
INFO:root:open lazy connection...
INFO:root:SQL: select * from `comments` where blog_id=%s order by created_at desc limit 1000, ARGS: ('0014733924099462529c74edc8e45a4915873400d221e48000',)
INFO:root:open connection <0x7feda408e3d0>...
INFO:root:close connection <0x7feda408e3d0>...
INFO:root:return Template
INFO:root:try to bind user from session cookie...
INFO:root:open lazy connection...
INFO:root:SQL: select * from blogs where id=%s, ARGS: ('0014733924099462529c74edc8e45a4915873400d221e48000',)
INFO:root:open connection <0x7feda408e4d0>...
INFO:root:close connection <0x7feda408e4d0>...
INFO:root:open lazy connection...
INFO:root:SQL: select * from `comments` where blog_id=%s order by created_at desc limit 1000, ARGS: ('0014733924099462529c74edc8e45a4915873400d221e48000',)
INFO:root:open connection <0x7feda408e4d0>...
INFO:root:close connection <0x7feda408e4d0>...
INFO:root:return Template
INFO:root:try to bind user from session cookie...
INFO:root:open lazy connection...
INFO:root:SQL: select * from blogs where id=%s, ARGS: ('0014733924099462529c74edc8e45a4915873400d221e48000',)
INFO:root:open connection <0x7feda408ed10>...
INFO:root:close connection <0x7feda408ed10>...
INFO:root:open lazy connection...
INFO:root:SQL: select * from `comments` where blog_id=%s order by created_at desc limit 1000, ARGS: ('0014733924099462529c74edc8e45a4915873400d221e48000',)
INFO:root:open connection <0x7feda408ed10>...
INFO:root:close connection <0x7feda408ed10>...
INFO:root:return Template
INFO:root:try to bind user from session cookie...
INFO:root:open lazy connection...
INFO:root:SQL: select * from blogs where id=%s, ARGS: ('0014733924099462529c74edc8e45a4915873400d221e48000',)
INFO:root:open connection <0x7feda408e210>...
INFO:root:close connection <0x7feda408e210>...
INFO:root:open lazy connection...
INFO:root:SQL: select * from `comments` where blog_id=%s order by created_at desc limit 1000, ARGS: ('0014733924099462529c74edc8e45a4915873400d221e48000',)
INFO:root:open connection <0x7feda408e210>...
INFO:root:close connection <0x7feda408e210>...
INFO:root:return Template
[2016-09-09 06:22:05 +0000] [12591] [INFO] Handling signal: term
[2016-09-09 06:22:06 +0000] [12596] [INFO] Worker exiting (pid: 12596)
[2016-09-09 06:22:06 +0000] [12591] [INFO] Shutting down: Master
[2016-09-09 06:22:07 +0000] [13667] [INFO] Starting gunicorn 19.6.0
[2016-09-09 06:22:07 +0000] [13667] [INFO] Listening at: http://127.0.0.1:9000 (13667)
[2016-09-09 06:22:07 +0000] [13667] [INFO] Using worker: gevent
[2016-09-09 06:22:07 +0000] [13672] [INFO] Booting worker with pid: 13672
INFO:root:Init mysql engine <0x7f1c543356d0> ok.
INFO:root:Scan ORMapping User...
INFO:root:Found mapping: created_at => <FloatField:created_at,real,default(<built-in function time>),I>
INFO:root:Found mapping: name => <StringField:name,varchar(50),default(),UI>
INFO:root:Found mapping: admin => <BooleanField:admin,bool,default(False),UI>
INFO:root:Found mapping: image => <StringField:image,varchar(500),default(),UI>
INFO:root:Found mapping: email => <StringField:email,varchar(50),default(),I>
INFO:root:Found mapping: password => <StringField:password,varchar(50),default(),UI>
INFO:root:Found mapping: id => <StringField:id,varchar(50),default(<function next_id at 0x7f1c537a6b18>),UI>
WARNING:root:NOTE: change primary key to non-updatable.
INFO:root:Scan ORMapping Blog...
INFO:root:Found mapping: user_image => <StringField:user_image,varchar(500),default(),UI>
INFO:root:Found mapping: user_id => <StringField:user_id,varchar(50),default(),I>
INFO:root:Found mapping: name => <StringField:name,varchar(50),default(),UI>
INFO:root:Found mapping: created_at => <FloatField:created_at,real,default(<built-in function time>),I>
INFO:root:Found mapping: summary => <StringField:summary,varchar(200),default(),UI>
INFO:root:Found mapping: content => <TextField:content,text,default(),UI>
INFO:root:Found mapping: user_name => <StringField:user_name,varchar(50),default(),UI>
INFO:root:Found mapping: id => <StringField:id,varchar(50),default(<function next_id at 0x7f1c537a6b18>),UI>
WARNING:root:NOTE: change primary key to non-updatable.
INFO:root:Scan ORMapping Comment...
INFO:root:Found mapping: user_image => <StringField:user_image,varchar(500),default(),UI>
INFO:root:Found mapping: blog_id => <StringField:blog_id,varchar(50),default(),I>
INFO:root:Found mapping: user_id => <StringField:user_id,varchar(50),default(),I>
INFO:root:Found mapping: created_at => <FloatField:created_at,real,default(<built-in function time>),I>
INFO:root:Found mapping: content => <TextField:content,text,default(),UI>
INFO:root:Found mapping: user_name => <StringField:user_name,varchar(50),default(),UI>
INFO:root:Found mapping: id => <StringField:id,varchar(50),default(<function next_id at 0x7f1c537a6b18>),UI>
WARNING:root:NOTE: change primary key to non-updatable.
INFO:root:Add interceptor: <function user_interceptor at 0x7f1c537b8050>
INFO:root:Add interceptor: <function manage_interceptor at 0x7f1c537b81b8>
INFO:root:Add module: urls
INFO:root:Add route: Route(static,POST,path=/api/blogs)
INFO:root:Add route: Route(dynamic,POST,path=/api/blogs/:blog_id/comments)
INFO:root:Add route: Route(dynamic,POST,path=/api/blogs/:blog_id/delete)
INFO:root:Add route: Route(dynamic,POST,path=/api/comments/:comment_id/delete)
INFO:root:Add route: Route(dynamic,GET,path=/api/blogs/:blog_id)
INFO:root:Add route: Route(static,GET,path=/api/blogs)
INFO:root:Add route: Route(static,GET,path=/api/comments)
INFO:root:Add route: Route(static,GET,path=/api/users)
INFO:root:Add route: Route(dynamic,POST,path=/api/blogs/:blog_id)
INFO:root:Add route: Route(static,POST,path=/api/authenticate)
INFO:root:Add route: Route(dynamic,GET,path=/blog/:blog_id)
INFO:root:Add route: Route(static,GET,path=/)
INFO:root:Add route: Route(static,GET,path=/manage/blogs)
INFO:root:Add route: Route(static,GET,path=/manage/blogs/create)
INFO:root:Add route: Route(dynamic,GET,path=/manage/blogs/edit/:blog_id)
INFO:root:Add route: Route(static,GET,path=/manage/comments)
INFO:root:Add route: Route(static,GET,path=/manage/)
INFO:root:Add route: Route(static,GET,path=/manage/users)
INFO:root:Add route: Route(static,GET,path=/register)
INFO:root:Add route: Route(static,POST,path=/api/users)
INFO:root:Add route: Route(static,GET,path=/signin)
INFO:root:Add route: Route(static,GET,path=/signout)
[2016-09-09 06:24:56 +0000] [13667] [INFO] Handling signal: term
[2016-09-09 06:24:57 +0000] [13672] [INFO] Worker exiting (pid: 13672)
[2016-09-09 06:24:57 +0000] [13667] [INFO] Shutting down: Master
[2016-09-09 07:08:14 +0000] [14048] [INFO] Starting gunicorn 19.6.0
[2016-09-09 07:08:14 +0000] [14048] [INFO] Listening at: http://127.0.0.1:9000 (14048)
[2016-09-09 07:08:14 +0000] [14048] [INFO] Using worker: gevent
[2016-09-09 07:08:14 +0000] [14053] [INFO] Booting worker with pid: 14053
INFO:root:Init mysql engine <0x7f736774d6d0> ok.
INFO:root:Scan ORMapping User...
INFO:root:Found mapping: created_at => <FloatField:created_at,real,default(<built-in function time>),I>
INFO:root:Found mapping: name => <StringField:name,varchar(50),default(),UI>
INFO:root:Found mapping: admin => <BooleanField:admin,bool,default(False),UI>
INFO:root:Found mapping: image => <StringField:image,varchar(500),default(),UI>
INFO:root:Found mapping: email => <StringField:email,varchar(50),default(),I>
INFO:root:Found mapping: password => <StringField:password,varchar(50),default(),UI>
INFO:root:Found mapping: id => <StringField:id,varchar(50),default(<function next_id at 0x7f7366bbeb18>),UI>
WARNING:root:NOTE: change primary key to non-updatable.
INFO:root:Scan ORMapping Blog...
INFO:root:Found mapping: user_image => <StringField:user_image,varchar(500),default(),UI>
INFO:root:Found mapping: user_id => <StringField:user_id,varchar(50),default(),I>
INFO:root:Found mapping: name => <StringField:name,varchar(50),default(),UI>
INFO:root:Found mapping: created_at => <FloatField:created_at,real,default(<built-in function time>),I>
INFO:root:Found mapping: summary => <StringField:summary,varchar(200),default(),UI>
INFO:root:Found mapping: content => <TextField:content,text,default(),UI>
INFO:root:Found mapping: user_name => <StringField:user_name,varchar(50),default(),UI>
INFO:root:Found mapping: id => <StringField:id,varchar(50),default(<function next_id at 0x7f7366bbeb18>),UI>
WARNING:root:NOTE: change primary key to non-updatable.
INFO:root:Scan ORMapping Comment...
INFO:root:Found mapping: user_image => <StringField:user_image,varchar(500),default(),UI>
INFO:root:Found mapping: blog_id => <StringField:blog_id,varchar(50),default(),I>
INFO:root:Found mapping: user_id => <StringField:user_id,varchar(50),default(),I>
INFO:root:Found mapping: created_at => <FloatField:created_at,real,default(<built-in function time>),I>
INFO:root:Found mapping: content => <TextField:content,text,default(),UI>
INFO:root:Found mapping: user_name => <StringField:user_name,varchar(50),default(),UI>
INFO:root:Found mapping: id => <StringField:id,varchar(50),default(<function next_id at 0x7f7366bbeb18>),UI>
WARNING:root:NOTE: change primary key to non-updatable.
INFO:root:Add interceptor: <function user_interceptor at 0x7f7366bd0050>
INFO:root:Add interceptor: <function manage_interceptor at 0x7f7366bd01b8>
INFO:root:Add module: urls
INFO:root:Add route: Route(static,POST,path=/api/blogs)
INFO:root:Add route: Route(dynamic,POST,path=/api/blogs/:blog_id/comments)
INFO:root:Add route: Route(dynamic,POST,path=/api/blogs/:blog_id/delete)
INFO:root:Add route: Route(dynamic,POST,path=/api/comments/:comment_id/delete)
INFO:root:Add route: Route(dynamic,GET,path=/api/blogs/:blog_id)
INFO:root:Add route: Route(static,GET,path=/api/blogs)
INFO:root:Add route: Route(static,GET,path=/api/comments)
INFO:root:Add route: Route(static,GET,path=/api/users)
INFO:root:Add route: Route(dynamic,POST,path=/api/blogs/:blog_id)
INFO:root:Add route: Route(static,POST,path=/api/authenticate)
INFO:root:Add route: Route(dynamic,GET,path=/blog/:blog_id)
INFO:root:Add route: Route(static,GET,path=/)
INFO:root:Add route: Route(static,GET,path=/manage/blogs)
INFO:root:Add route: Route(static,GET,path=/manage/blogs/create)
INFO:root:Add route: Route(dynamic,GET,path=/manage/blogs/edit/:blog_id)
INFO:root:Add route: Route(static,GET,path=/manage/comments)
INFO:root:Add route: Route(static,GET,path=/manage/)
INFO:root:Add route: Route(static,GET,path=/manage/users)
INFO:root:Add route: Route(static,GET,path=/register)
INFO:root:Add route: Route(static,POST,path=/api/users)
INFO:root:Add route: Route(static,GET,path=/signin)
INFO:root:Add route: Route(static,GET,path=/signout)
INFO:root:try to bind user from session cookie...
INFO:root:parse session cookie...
INFO:root:open lazy connection...
INFO:root:SQL: select * from users where id=%s, ARGS: (u'001473391473943abdd58963b17455eb426adfe5f1d0953000',)
INFO:root:open connection <0x7f7366bd9890>...
INFO:root:close connection <0x7f7366bd9890>...
INFO:root:bind user <17527695@qq.com> to session...
INFO:root:open lazy connection...
INFO:root:SQL: select count(`id`) from `blogs`, ARGS: ()
INFO:root:open connection <0x7f7366bd9850>...
INFO:root:close connection <0x7f7366bd9850>...
INFO:root:open lazy connection...
INFO:root:SQL: select * from `blogs` order by created_at desc limit %s,%s, ARGS: (0, 15)
INFO:root:open connection <0x7f7366bd9890>...
INFO:root:close connection <0x7f7366bd9890>...
INFO:root:return Template
INFO:root:try to bind user from session cookie...
INFO:root:parse session cookie...
INFO:root:open lazy connection...
INFO:root:SQL: select * from users where id=%s, ARGS: (u'001473391473943abdd58963b17455eb426adfe5f1d0953000',)
INFO:root:open connection <0x7f7365984750>...
INFO:root:close connection <0x7f7365984750>...
INFO:root:bind user <17527695@qq.com> to session...
INFO:root:try to bind user from session cookie...
INFO:root:parse session cookie...
INFO:root:open lazy connection...
INFO:root:SQL: select * from users where id=%s, ARGS: (u'001473391473943abdd58963b17455eb426adfe5f1d0953000',)
INFO:root:open connection <0x7f7365984850>...
INFO:root:close connection <0x7f7365984850>...
INFO:root:bind user <17527695@qq.com> to session...
INFO:root:return Template
INFO:root:try to bind user from session cookie...
INFO:root:parse session cookie...
INFO:root:open lazy connection...
INFO:root:SQL: select * from users where id=%s, ARGS: (u'001473391473943abdd58963b17455eb426adfe5f1d0953000',)
INFO:root:open connection <0x7f73659849d0>...
INFO:root:close connection <0x7f73659849d0>...
INFO:root:bind user <17527695@qq.com> to session...
INFO:root:return Template
INFO:root:try to bind user from session cookie...
INFO:root:parse session cookie...
INFO:root:open lazy connection...
INFO:root:SQL: select * from users where id=%s, ARGS: (u'001473391473943abdd58963b17455eb426adfe5f1d0953000',)
INFO:root:open connection <0x7f7365984c90>...
INFO:root:close connection <0x7f7365984c90>...
INFO:root:bind user <17527695@qq.com> to session...
INFO:root:return Template
INFO:root:try to bind user from session cookie...
INFO:root:parse session cookie...
INFO:root:open lazy connection...
INFO:root:SQL: select * from users where id=%s, ARGS: (u'001473391473943abdd58963b17455eb426adfe5f1d0953000',)
INFO:root:open connection <0x7f73659846d0>...
INFO:root:close connection <0x7f73659846d0>...
INFO:root:bind user <17527695@qq.com> to session...
INFO:root:return Template
INFO:root:try to bind user from session cookie...
INFO:root:parse session cookie...
INFO:root:open lazy connection...
INFO:root:SQL: select * from users where id=%s, ARGS: (u'001473391473943abdd58963b17455eb426adfe5f1d0953000',)
INFO:root:open connection <0x7f7365984810>...
INFO:root:close connection <0x7f7365984810>...
INFO:root:bind user <17527695@qq.com> to session...
INFO:root:return Template
INFO:root:try to bind user from session cookie...
INFO:root:parse session cookie...
INFO:root:open lazy connection...
INFO:root:SQL: select * from users where id=%s, ARGS: (u'001473391473943abdd58963b17455eb426adfe5f1d0953000',)
INFO:root:open connection <0x7f73659847d0>...
INFO:root:close connection <0x7f73659847d0>...
INFO:root:bind user <17527695@qq.com> to session...
INFO:root:return Template
INFO:root:try to bind user from session cookie...
INFO:root:parse session cookie...
INFO:root:open lazy connection...
INFO:root:SQL: select * from users where id=%s, ARGS: (u'001473391473943abdd58963b17455eb426adfe5f1d0953000',)
INFO:root:open connection <0x7f73659844d0>...
INFO:root:close connection <0x7f73659844d0>...
INFO:root:bind user <17527695@qq.com> to session...
INFO:root:return Template
INFO:root:try to bind user from session cookie...
INFO:root:parse session cookie...
INFO:root:open lazy connection...
INFO:root:SQL: select * from users where id=%s, ARGS: (u'001473391473943abdd58963b17455eb426adfe5f1d0953000',)
INFO:root:open connection <0x7f7366bd96d0>...
INFO:root:close connection <0x7f7366bd96d0>...
INFO:root:bind user <17527695@qq.com> to session...
INFO:root:try to bind user from session cookie...
INFO:root:parse session cookie...
INFO:root:open lazy connection...
INFO:root:SQL: select * from users where id=%s, ARGS: (u'001473391473943abdd58963b17455eb426adfe5f1d0953000',)
INFO:root:open connection <0x7f7366bd9910>...
INFO:root:close connection <0x7f7366bd9910>...
INFO:root:bind user <17527695@qq.com> to session...
INFO:root:return Template
INFO:root:try to bind user from session cookie...
INFO:root:parse session cookie...
INFO:root:open lazy connection...
INFO:root:SQL: select * from users where id=%s, ARGS: (u'001473391473943abdd58963b17455eb426adfe5f1d0953000',)
INFO:root:open connection <0x7f7366bd95d0>...
INFO:root:close connection <0x7f7366bd95d0>...
INFO:root:bind user <17527695@qq.com> to session...
INFO:root:open lazy connection...
INFO:root:SQL: select count(`id`) from `blogs`, ARGS: ()
INFO:root:open connection <0x7f7366bd95d0>...
INFO:root:close connection <0x7f7366bd95d0>...
INFO:root:open lazy connection...
INFO:root:SQL: select * from `blogs` order by created_at desc limit %s,%s, ARGS: (0, 15)
INFO:root:open connection <0x7f7366bd92d0>...
INFO:root:close connection <0x7f7366bd92d0>...
INFO:root:return Template
INFO:root:try to bind user from session cookie...
INFO:root:parse session cookie...
INFO:root:open lazy connection...
INFO:root:SQL: select * from users where id=%s, ARGS: (u'001473391473943abdd58963b17455eb426adfe5f1d0953000',)
INFO:root:open connection <0x7f7366bd9690>...
INFO:root:close connection <0x7f7366bd9690>...
INFO:root:bind user <17527695@qq.com> to session...
INFO:root:open lazy connection...
INFO:root:SQL: select * from blogs where id=%s, ARGS: ('0014733924099462529c74edc8e45a4915873400d221e48000',)
INFO:root:open connection <0x7f7366bd93d0>...
INFO:root:close connection <0x7f7366bd93d0>...
INFO:root:open lazy connection...
INFO:root:SQL: select * from `comments` where blog_id=%s order by created_at desc limit 1000, ARGS: ('0014733924099462529c74edc8e45a4915873400d221e48000',)
INFO:root:open connection <0x7f7366bd93d0>...
INFO:root:close connection <0x7f7366bd93d0>...
INFO:root:return Template
INFO:root:try to bind user from session cookie...
INFO:root:parse session cookie...
INFO:root:open lazy connection...
INFO:root:SQL: select * from users where id=%s, ARGS: (u'001473391473943abdd58963b17455eb426adfe5f1d0953000',)
INFO:root:open connection <0x7f7365984450>...
INFO:root:close connection <0x7f7365984450>...
INFO:root:bind user <17527695@qq.com> to session...
INFO:root:open lazy connection...
INFO:root:SQL: select count(`id`) from `blogs`, ARGS: ()
INFO:root:open connection <0x7f7365984a50>...
INFO:root:close connection <0x7f7365984a50>...
INFO:root:open lazy connection...
INFO:root:SQL: select * from `blogs` order by created_at desc limit %s,%s, ARGS: (0, 15)
INFO:root:open connection <0x7f7365984450>...
INFO:root:close connection <0x7f7365984450>...
INFO:root:return Template
INFO:root:try to bind user from session cookie...
INFO:root:parse session cookie...
INFO:root:open lazy connection...
INFO:root:SQL: select * from users where id=%s, ARGS: (u'001473391473943abdd58963b17455eb426adfe5f1d0953000',)
INFO:root:open connection <0x7f73659846d0>...
INFO:root:close connection <0x7f73659846d0>...
INFO:root:bind user <17527695@qq.com> to session...
INFO:root:open lazy connection...
INFO:root:SQL: select * from blogs where id=%s, ARGS: ('0014733924099462529c74edc8e45a4915873400d221e48000',)
INFO:root:open connection <0x7f7365984450>...
INFO:root:close connection <0x7f7365984450>...
INFO:root:open lazy connection...
INFO:root:SQL: select * from `comments` where blog_id=%s order by created_at desc limit 1000, ARGS: ('0014733924099462529c74edc8e45a4915873400d221e48000',)
INFO:root:open connection <0x7f7365984710>...
INFO:root:close connection <0x7f7365984710>...
INFO:root:return Template
INFO:root:try to bind user from session cookie...
INFO:root:parse session cookie...
INFO:root:open lazy connection...
INFO:root:SQL: select * from users where id=%s, ARGS: (u'001473391473943abdd58963b17455eb426adfe5f1d0953000',)
INFO:root:open connection <0x7f7365984710>...
INFO:root:close connection <0x7f7365984710>...
INFO:root:bind user <17527695@qq.com> to session...
INFO:root:try to bind user from session cookie...
INFO:root:parse session cookie...
INFO:root:open lazy connection...
INFO:root:SQL: select * from users where id=%s, ARGS: (u'001473391473943abdd58963b17455eb426adfe5f1d0953000',)
INFO:root:open connection <0x7f7365984390>...
INFO:root:close connection <0x7f7365984390>...
INFO:root:bind user <17527695@qq.com> to session...
INFO:root:return Template
INFO:root:try to bind user from session cookie...
INFO:root:parse session cookie...
INFO:root:open lazy connection...
INFO:root:SQL: select * from users where id=%s, ARGS: (u'001473391473943abdd58963b17455eb426adfe5f1d0953000',)
INFO:root:open connection <0x7f7366bd9c10>...
INFO:root:close connection <0x7f7366bd9c10>...
INFO:root:bind user <17527695@qq.com> to session...
INFO:root:return Template
INFO:root:try to bind user from session cookie...
INFO:root:parse session cookie...
INFO:root:open lazy connection...
INFO:root:SQL: select * from users where id=%s, ARGS: (u'001473391473943abdd58963b17455eb426adfe5f1d0953000',)
INFO:root:open connection <0x7f7366bd97d0>...
INFO:root:close connection <0x7f7366bd97d0>...
INFO:root:bind user <17527695@qq.com> to session...
INFO:root:return Template
INFO:root:try to bind user from session cookie...
INFO:root:parse session cookie...
INFO:root:open lazy connection...
INFO:root:SQL: select * from users where id=%s, ARGS: (u'001473391473943abdd58963b17455eb426adfe5f1d0953000',)
INFO:root:open connection <0x7f7366bd9450>...
INFO:root:close connection <0x7f7366bd9450>...
INFO:root:bind user <17527695@qq.com> to session...
INFO:root:return Template
INFO:root:try to bind user from session cookie...
INFO:root:try to bind user from session cookie...
INFO:root:open lazy connection...
INFO:root:SQL: select count(`id`) from `blogs`, ARGS: ()
INFO:root:open connection <0x7f7366bd9710>...
INFO:root:close connection <0x7f7366bd9710>...
INFO:root:open lazy connection...
INFO:root:SQL: select * from `blogs` order by created_at desc limit %s,%s, ARGS: (0, 15)
INFO:root:open connection <0x7f7366bd9910>...
INFO:root:close connection <0x7f7366bd9910>...
INFO:root:return Template
INFO:root:try to bind user from session cookie...
INFO:root:try to bind user from session cookie...
INFO:root:open lazy connection...
INFO:root:SQL: select count(`id`) from `blogs`, ARGS: ()
INFO:root:open connection <0x7f7366bd9c10>...
INFO:root:close connection <0x7f7366bd9c10>...
INFO:root:open lazy connection...
INFO:root:SQL: select * from `blogs` order by created_at desc limit %s,%s, ARGS: (0, 15)
INFO:root:open connection <0x7f7366bd9bd0>...
INFO:root:close connection <0x7f7366bd9bd0>...
INFO:root:return Template
INFO:root:try to bind user from session cookie...
INFO:root:open lazy connection...
INFO:root:SQL: select count(`id`) from `blogs`, ARGS: ()
INFO:root:open connection <0x7f7366bd9ed0>...
INFO:root:close connection <0x7f7366bd9ed0>...
INFO:root:open lazy connection...
INFO:root:SQL: select * from `blogs` order by created_at desc limit %s,%s, ARGS: (0, 15)
INFO:root:open connection <0x7f7366bd9910>...
INFO:root:close connection <0x7f7366bd9910>...
INFO:root:return Template
INFO:root:try to bind user from session cookie...
INFO:root:open lazy connection...
INFO:root:SQL: select count(`id`) from `blogs`, ARGS: ()
INFO:root:open connection <0x7f7366bd9710>...
INFO:root:close connection <0x7f7366bd9710>...
INFO:root:open lazy connection...
INFO:root:SQL: select * from `blogs` order by created_at desc limit %s,%s, ARGS: (0, 15)
INFO:root:open connection <0x7f7366bd9bd0>...
INFO:root:close connection <0x7f7366bd9bd0>...
INFO:root:return Template
INFO:root:try to bind user from session cookie...
INFO:root:open lazy connection...
INFO:root:SQL: select count(`id`) from `blogs`, ARGS: ()
INFO:root:open connection <0x7f7366bd9910>...
INFO:root:close connection <0x7f7366bd9910>...
INFO:root:open lazy connection...
INFO:root:SQL: select * from `blogs` order by created_at desc limit %s,%s, ARGS: (0, 15)
INFO:root:open connection <0x7f7366bd9d50>...
INFO:root:close connection <0x7f7366bd9d50>...
INFO:root:return Template
INFO:root:try to bind user from session cookie...
INFO:root:open lazy connection...
INFO:root:SQL: select count(`id`) from `blogs`, ARGS: ()
INFO:root:open connection <0x7f7366bd9610>...
INFO:root:close connection <0x7f7366bd9610>...
INFO:root:open lazy connection...
INFO:root:SQL: select * from `blogs` order by created_at desc limit %s,%s, ARGS: (0, 15)
INFO:root:open connection <0x7f7366bd9bd0>...
INFO:root:close connection <0x7f7366bd9bd0>...
INFO:root:return Template
INFO:root:try to bind user from session cookie...
INFO:root:try to bind user from session cookie...
INFO:root:try to bind user from session cookie...
INFO:root:open lazy connection...
INFO:root:SQL: select count(`id`) from `blogs`, ARGS: ()
INFO:root:open connection <0x7f7366bd92d0>...
INFO:root:close connection <0x7f7366bd92d0>...
INFO:root:open lazy connection...
INFO:root:SQL: select * from `blogs` order by created_at desc limit %s,%s, ARGS: (0, 15)
INFO:root:open connection <0x7f7366bd9610>...
INFO:root:close connection <0x7f7366bd9610>...
INFO:root:return Template
INFO:root:try to bind user from session cookie...
INFO:root:try to bind user from session cookie...
INFO:root:open lazy connection...
INFO:root:SQL: select count(`id`) from `blogs`, ARGS: ()
INFO:root:open connection <0x7f7366bd9710>...
INFO:root:close connection <0x7f7366bd9710>...
INFO:root:open lazy connection...
INFO:root:SQL: select * from `blogs` order by created_at desc limit %s,%s, ARGS: (0, 15)
INFO:root:open connection <0x7f7366bd97d0>...
INFO:root:close connection <0x7f7366bd97d0>...
INFO:root:return Template
INFO:root:try to bind user from session cookie...
INFO:root:open lazy connection...
INFO:root:SQL: select count(`id`) from `blogs`, ARGS: ()
INFO:root:open connection <0x7f7366bd9c10>...
INFO:root:close connection <0x7f7366bd9c10>...
INFO:root:open lazy connection...
INFO:root:SQL: select * from `blogs` order by created_at desc limit %s,%s, ARGS: (0, 15)
INFO:root:open connection <0x7f7366bd9d50>...
INFO:root:close connection <0x7f7366bd9d50>...
INFO:root:return Template
INFO:root:try to bind user from session cookie...
INFO:root:try to bind user from session cookie...
INFO:root:open lazy connection...
INFO:root:SQL: select count(`id`) from `blogs`, ARGS: ()
INFO:root:open connection <0x7f7365984450>...
INFO:root:close connection <0x7f7365984450>...
INFO:root:open lazy connection...
INFO:root:SQL: select * from `blogs` order by created_at desc limit %s,%s, ARGS: (0, 15)
INFO:root:open connection <0x7f7365984550>...
INFO:root:close connection <0x7f7365984550>...
INFO:root:return Template
INFO:root:try to bind user from session cookie...
INFO:root:open lazy connection...
INFO:root:SQL: select count(`id`) from `blogs`, ARGS: ()
INFO:root:open connection <0x7f7365984a50>...
INFO:root:close connection <0x7f7365984a50>...
INFO:root:open lazy connection...
INFO:root:SQL: select * from `blogs` order by created_at desc limit %s,%s, ARGS: (0, 15)
INFO:root:open connection <0x7f7365984450>...
INFO:root:close connection <0x7f7365984450>...
INFO:root:return Template
INFO:root:try to bind user from session cookie...
INFO:root:try to bind user from session cookie...
INFO:root:open lazy connection...
INFO:root:SQL: select count(`id`) from `blogs`, ARGS: ()
INFO:root:open connection <0x7f7366bd92d0>...
INFO:root:close connection <0x7f7366bd92d0>...
INFO:root:open lazy connection...
INFO:root:SQL: select * from `blogs` order by created_at desc limit %s,%s, ARGS: (0, 15)
INFO:root:open connection <0x7f7366bd9790>...
INFO:root:close connection <0x7f7366bd9790>...
INFO:root:return Template
INFO:root:try to bind user from session cookie...
INFO:root:open lazy connection...
INFO:root:SQL: select count(`id`) from `blogs`, ARGS: ()
INFO:root:open connection <0x7f7366bd9dd0>...
INFO:root:close connection <0x7f7366bd9dd0>...
INFO:root:open lazy connection...
INFO:root:SQL: select * from `blogs` order by created_at desc limit %s,%s, ARGS: (0, 15)
INFO:root:open connection <0x7f7366bd9ed0>...
INFO:root:close connection <0x7f7366bd9ed0>...
INFO:root:return Template
INFO:root:try to bind user from session cookie...
INFO:root:try to bind user from session cookie...
INFO:root:try to bind user from session cookie...
INFO:root:try to bind user from session cookie...
INFO:root:try to bind user from session cookie...
INFO:root:open lazy connection...
INFO:root:SQL: select count(`id`) from `blogs`, ARGS: ()
INFO:root:open connection <0x7f7366bd9450>...
INFO:root:close connection <0x7f7366bd9450>...
INFO:root:open lazy connection...
INFO:root:SQL: select * from `blogs` order by created_at desc limit %s,%s, ARGS: (0, 15)
INFO:root:open connection <0x7f7366bd9e90>...
INFO:root:close connection <0x7f7366bd9e90>...
INFO:root:return Template
INFO:root:try to bind user from session cookie...
INFO:root:open lazy connection...
INFO:root:SQL: select count(`id`) from `blogs`, ARGS: ()
INFO:root:open connection <0x7f7366bd9910>...
INFO:root:close connection <0x7f7366bd9910>...
INFO:root:open lazy connection...
INFO:root:SQL: select * from `blogs` order by created_at desc limit %s,%s, ARGS: (0, 15)
INFO:root:open connection <0x7f73659847d0>...
INFO:root:close connection <0x7f73659847d0>...
INFO:root:return Template
INFO:root:try to bind user from session cookie...
INFO:root:open lazy connection...
INFO:root:SQL: select count(`id`) from `blogs`, ARGS: ()
INFO:root:open connection <0x7f7365984650>...
INFO:root:close connection <0x7f7365984650>...
INFO:root:open lazy connection...
INFO:root:SQL: select * from `blogs` order by created_at desc limit %s,%s, ARGS: (0, 15)
INFO:root:open connection <0x7f7365984650>...
INFO:root:close connection <0x7f7365984650>...
INFO:root:return Template
INFO:root:try to bind user from session cookie...
INFO:root:open lazy connection...
INFO:root:SQL: select count(`id`) from `blogs`, ARGS: ()
INFO:root:open connection <0x7f73659849d0>...
INFO:root:close connection <0x7f73659849d0>...
INFO:root:open lazy connection...
INFO:root:SQL: select * from `blogs` order by created_at desc limit %s,%s, ARGS: (0, 15)
INFO:root:open connection <0x7f7365984a50>...
INFO:root:close connection <0x7f7365984a50>...
INFO:root:return Template
INFO:root:try to bind user from session cookie...
INFO:root:try to bind user from session cookie...
INFO:root:return Template
INFO:root:try to bind user from session cookie...
INFO:root:return Template
INFO:root:try to bind user from session cookie...
INFO:root:return Template
INFO:root:try to bind user from session cookie...
INFO:root:open lazy connection...
INFO:root:SQL: select count(`id`) from `blogs`, ARGS: ()
INFO:root:open connection <0x7f7365984d10>...
INFO:root:close connection <0x7f7365984d10>...
INFO:root:open lazy connection...
INFO:root:SQL: select * from `blogs` order by created_at desc limit %s,%s, ARGS: (0, 15)
INFO:root:open connection <0x7f7365984a50>...
INFO:root:close connection <0x7f7365984a50>...
INFO:root:return Template
INFO:root:try to bind user from session cookie...
INFO:root:return Template
INFO:root:try to bind user from session cookie...
INFO:root:return Template
INFO:root:try to bind user from session cookie...
INFO:root:open lazy connection...
INFO:root:SQL: select count(`id`) from `blogs`, ARGS: ()
INFO:root:open connection <0x7f73659846d0>...
INFO:root:close connection <0x7f73659846d0>...
INFO:root:open lazy connection...
INFO:root:SQL: select * from `blogs` order by created_at desc limit %s,%s, ARGS: (0, 15)
INFO:root:open connection <0x7f73659848d0>...
INFO:root:close connection <0x7f73659848d0>...
INFO:root:return Template
INFO:root:try to bind user from session cookie...
INFO:root:open lazy connection...
INFO:root:SQL: select count(`id`) from `blogs`, ARGS: ()
INFO:root:open connection <0x7f7365984810>...
INFO:root:close connection <0x7f7365984810>...
INFO:root:open lazy connection...
INFO:root:SQL: select * from `blogs` order by created_at desc limit %s,%s, ARGS: (0, 15)
INFO:root:open connection <0x7f73659849d0>...
INFO:root:close connection <0x7f73659849d0>...
INFO:root:return Template
INFO:root:try to bind user from session cookie...
INFO:root:open lazy connection...
INFO:root:SQL: select * from blogs where id=%s, ARGS: ('0014733924099462529c74edc8e45a4915873400d221e48000',)
INFO:root:open connection <0x7f7365984810>...
INFO:root:close connection <0x7f7365984810>...
INFO:root:open lazy connection...
INFO:root:SQL: select * from `comments` where blog_id=%s order by created_at desc limit 1000, ARGS: ('0014733924099462529c74edc8e45a4915873400d221e48000',)
INFO:root:open connection <0x7f7365984810>...
INFO:root:close connection <0x7f7365984810>...
INFO:root:return Template
INFO:root:try to bind user from session cookie...
INFO:root:try to bind user from session cookie...
INFO:root:return Template
INFO:root:try to bind user from session cookie...
INFO:root:return Template
INFO:root:try to bind user from session cookie...
INFO:root:return Template
[2016-09-10 22:10:51 +0000] [14048] [INFO] Handling signal: term
[2016-09-10 22:10:52 +0000] [14053] [INFO] Worker exiting (pid: 14053)
[2016-09-10 22:10:52 +0000] [14048] [INFO] Shutting down: Master
[2016-09-10 23:00:21 +0000] [20508] [INFO] Starting gunicorn 19.6.0
[2016-09-10 23:00:21 +0000] [20508] [INFO] Listening at: http://127.0.0.1:9000 (20508)
[2016-09-10 23:00:21 +0000] [20508] [INFO] Using worker: gevent
[2016-09-10 23:00:21 +0000] [20513] [INFO] Booting worker with pid: 20513
INFO:root:Init mysql engine <0x7f3e9847e6d0> ok.
INFO:root:Scan ORMapping User...
INFO:root:Found mapping: created_at => <FloatField:created_at,real,default(<built-in function time>),I>
INFO:root:Found mapping: name => <StringField:name,varchar(50),default(),UI>
INFO:root:Found mapping: admin => <BooleanField:admin,bool,default(False),UI>
INFO:root:Found mapping: image => <StringField:image,varchar(500),default(),UI>
INFO:root:Found mapping: email => <StringField:email,varchar(50),default(),I>
INFO:root:Found mapping: password => <StringField:password,varchar(50),default(),UI>
INFO:root:Found mapping: id => <StringField:id,varchar(50),default(<function next_id at 0x7f3e978efb18>),UI>
WARNING:root:NOTE: change primary key to non-updatable.
INFO:root:Scan ORMapping Blog...
INFO:root:Found mapping: user_image => <StringField:user_image,varchar(500),default(),UI>
INFO:root:Found mapping: user_id => <StringField:user_id,varchar(50),default(),I>
INFO:root:Found mapping: name => <StringField:name,varchar(50),default(),UI>
INFO:root:Found mapping: created_at => <FloatField:created_at,real,default(<built-in function time>),I>
INFO:root:Found mapping: summary => <StringField:summary,varchar(200),default(),UI>
INFO:root:Found mapping: content => <TextField:content,text,default(),UI>
INFO:root:Found mapping: user_name => <StringField:user_name,varchar(50),default(),UI>
INFO:root:Found mapping: id => <StringField:id,varchar(50),default(<function next_id at 0x7f3e978efb18>),UI>
WARNING:root:NOTE: change primary key to non-updatable.
INFO:root:Scan ORMapping Comment...
INFO:root:Found mapping: user_image => <StringField:user_image,varchar(500),default(),UI>
INFO:root:Found mapping: blog_id => <StringField:blog_id,varchar(50),default(),I>
INFO:root:Found mapping: user_id => <StringField:user_id,varchar(50),default(),I>
INFO:root:Found mapping: created_at => <FloatField:created_at,real,default(<built-in function time>),I>
INFO:root:Found mapping: content => <TextField:content,text,default(),UI>
INFO:root:Found mapping: user_name => <StringField:user_name,varchar(50),default(),UI>
INFO:root:Found mapping: id => <StringField:id,varchar(50),default(<function next_id at 0x7f3e978efb18>),UI>
WARNING:root:NOTE: change primary key to non-updatable.
INFO:root:Add interceptor: <function user_interceptor at 0x7f3e97901050>
INFO:root:Add interceptor: <function manage_interceptor at 0x7f3e979011b8>
INFO:root:Add module: urls
INFO:root:Add route: Route(static,POST,path=/api/blogs)
INFO:root:Add route: Route(dynamic,POST,path=/api/blogs/:blog_id/comments)
INFO:root:Add route: Route(dynamic,POST,path=/api/blogs/:blog_id/delete)
INFO:root:Add route: Route(dynamic,POST,path=/api/comments/:comment_id/delete)
INFO:root:Add route: Route(dynamic,GET,path=/api/blogs/:blog_id)
INFO:root:Add route: Route(static,GET,path=/api/blogs)
INFO:root:Add route: Route(static,GET,path=/api/comments)
INFO:root:Add route: Route(static,GET,path=/api/users)
INFO:root:Add route: Route(dynamic,POST,path=/api/blogs/:blog_id)
INFO:root:Add route: Route(static,POST,path=/api/authenticate)
INFO:root:Add route: Route(dynamic,GET,path=/blog/:blog_id)
INFO:root:Add route: Route(static,GET,path=/)
INFO:root:Add route: Route(static,GET,path=/manage/blogs)
INFO:root:Add route: Route(static,GET,path=/manage/blogs/create)
INFO:root:Add route: Route(dynamic,GET,path=/manage/blogs/edit/:blog_id)
INFO:root:Add route: Route(static,GET,path=/manage/comments)
INFO:root:Add route: Route(static,GET,path=/manage/)
INFO:root:Add route: Route(static,GET,path=/manage/users)
INFO:root:Add route: Route(static,GET,path=/register)
INFO:root:Add route: Route(static,POST,path=/api/users)
INFO:root:Add route: Route(static,GET,path=/signin)
INFO:root:Add route: Route(static,GET,path=/signout)
INFO:root:try to bind user from session cookie...
INFO:root:parse session cookie...
INFO:root:open lazy connection...
INFO:root:SQL: select * from users where id=%s, ARGS: (u'001473391473943abdd58963b17455eb426adfe5f1d0953000',)
INFO:root:open connection <0x7f3e9790a890>...
INFO:root:close connection <0x7f3e9790a890>...
INFO:root:bind user <17527695@qq.com> to session...
INFO:root:open lazy connection...
INFO:root:SQL: select * from blogs where id=%s, ARGS: ('0014733924099462529c74edc8e45a4915873400d221e48000',)
INFO:root:open connection <0x7f3e9790a890>...
INFO:root:close connection <0x7f3e9790a890>...
INFO:root:open lazy connection...
INFO:root:SQL: select * from `comments` where blog_id=%s order by created_at desc limit 1000, ARGS: ('0014733924099462529c74edc8e45a4915873400d221e48000',)
INFO:root:open connection <0x7f3e9790a890>...
INFO:root:close connection <0x7f3e9790a890>...
INFO:root:return Template
INFO:root:try to bind user from session cookie...
INFO:root:parse session cookie...
INFO:root:open lazy connection...
INFO:root:SQL: select * from users where id=%s, ARGS: (u'001473391473943abdd58963b17455eb426adfe5f1d0953000',)
INFO:root:open connection <0x7f3e966b9990>...
INFO:root:close connection <0x7f3e966b9990>...
INFO:root:bind user <17527695@qq.com> to session...
INFO:root:open lazy connection...
INFO:root:SQL: select * from blogs where id=%s, ARGS: ('0014733924099462529c74edc8e45a4915873400d221e48000',)
INFO:root:open connection <0x7f3e966b9850>...
INFO:root:close connection <0x7f3e966b9850>...
INFO:root:open lazy connection...
INFO:root:SQL: select * from `comments` where blog_id=%s order by created_at desc limit 1000, ARGS: ('0014733924099462529c74edc8e45a4915873400d221e48000',)
INFO:root:open connection <0x7f3e966b9850>...
INFO:root:close connection <0x7f3e966b9850>...
INFO:root:return Template
INFO:root:try to bind user from session cookie...
INFO:root:parse session cookie...
INFO:root:open lazy connection...
INFO:root:SQL: select * from users where id=%s, ARGS: (u'001473391473943abdd58963b17455eb426adfe5f1d0953000',)
INFO:root:open connection <0x7f3e966b9b10>...
INFO:root:close connection <0x7f3e966b9b10>...
INFO:root:bind user <17527695@qq.com> to session...
INFO:root:open lazy connection...
INFO:root:SQL: select count(`id`) from `blogs`, ARGS: ()
INFO:root:open connection <0x7f3e966b9b10>...
INFO:root:close connection <0x7f3e966b9b10>...
INFO:root:open lazy connection...
INFO:root:SQL: select * from `blogs` order by created_at desc limit %s,%s, ARGS: (0, 15)
INFO:root:open connection <0x7f3e966b9ad0>...
INFO:root:close connection <0x7f3e966b9ad0>...
INFO:root:return Template
INFO:root:try to bind user from session cookie...
INFO:root:parse session cookie...
INFO:root:open lazy connection...
INFO:root:SQL: select * from users where id=%s, ARGS: (u'001473391473943abdd58963b17455eb426adfe5f1d0953000',)
INFO:root:open connection <0x7f3e9790af10>...
INFO:root:close connection <0x7f3e9790af10>...
INFO:root:bind user <17527695@qq.com> to session...
INFO:root:open lazy connection...
INFO:root:SQL: select count(`id`) from `blogs`, ARGS: ()
INFO:root:open connection <0x7f3e9790af10>...
INFO:root:close connection <0x7f3e9790af10>...
INFO:root:open lazy connection...
INFO:root:SQL: select * from `blogs` order by created_at desc limit %s,%s, ARGS: (0, 15)
INFO:root:open connection <0x7f3e9790a750>...
INFO:root:close connection <0x7f3e9790a750>...
INFO:root:return Template
INFO:root:try to bind user from session cookie...
INFO:root:parse session cookie...
INFO:root:open lazy connection...
INFO:root:SQL: select * from users where id=%s, ARGS: (u'001473391473943abdd58963b17455eb426adfe5f1d0953000',)
INFO:root:open connection <0x7f3e9790aed0>...
INFO:root:close connection <0x7f3e9790aed0>...
INFO:root:bind user <17527695@qq.com> to session...
INFO:root:open lazy connection...
INFO:root:SQL: select count(`id`) from `blogs`, ARGS: ()
INFO:root:open connection <0x7f3e9790a790>...
INFO:root:close connection <0x7f3e9790a790>...
INFO:root:open lazy connection...
INFO:root:SQL: select * from `blogs` order by created_at desc limit %s,%s, ARGS: (0, 15)
INFO:root:open connection <0x7f3e9790aed0>...
INFO:root:close connection <0x7f3e9790aed0>...
INFO:root:return Template
[2016-09-10 23:01:28 +0000] [20508] [INFO] Handling signal: term
[2016-09-10 23:01:29 +0000] [20513] [INFO] Worker exiting (pid: 20513)
[2016-09-10 23:01:29 +0000] [20508] [INFO] Shutting down: Master
[2016-09-10 23:01:48 +0000] [20562] [INFO] Starting gunicorn 19.6.0
[2016-09-10 23:01:48 +0000] [20562] [INFO] Listening at: http://127.0.0.1:9000 (20562)
[2016-09-10 23:01:48 +0000] [20562] [INFO] Using worker: gevent
[2016-09-10 23:01:48 +0000] [20567] [INFO] Booting worker with pid: 20567
INFO:root:Init mysql engine <0x7f70fd76e6d0> ok.
INFO:root:Scan ORMapping User...
INFO:root:Found mapping: created_at => <FloatField:created_at,real,default(<built-in function time>),I>
INFO:root:Found mapping: name => <StringField:name,varchar(50),default(),UI>
INFO:root:Found mapping: admin => <BooleanField:admin,bool,default(False),UI>
INFO:root:Found mapping: image => <StringField:image,varchar(500),default(),UI>
INFO:root:Found mapping: email => <StringField:email,varchar(50),default(),I>
INFO:root:Found mapping: password => <StringField:password,varchar(50),default(),UI>
INFO:root:Found mapping: id => <StringField:id,varchar(50),default(<function next_id at 0x7f70fcbdfb18>),UI>
WARNING:root:NOTE: change primary key to non-updatable.
INFO:root:Scan ORMapping Blog...
INFO:root:Found mapping: user_image => <StringField:user_image,varchar(500),default(),UI>
INFO:root:Found mapping: user_id => <StringField:user_id,varchar(50),default(),I>
INFO:root:Found mapping: name => <StringField:name,varchar(50),default(),UI>
INFO:root:Found mapping: created_at => <FloatField:created_at,real,default(<built-in function time>),I>
INFO:root:Found mapping: summary => <StringField:summary,varchar(200),default(),UI>
INFO:root:Found mapping: content => <TextField:content,text,default(),UI>
INFO:root:Found mapping: user_name => <StringField:user_name,varchar(50),default(),UI>
INFO:root:Found mapping: id => <StringField:id,varchar(50),default(<function next_id at 0x7f70fcbdfb18>),UI>
WARNING:root:NOTE: change primary key to non-updatable.
INFO:root:Scan ORMapping Comment...
INFO:root:Found mapping: user_image => <StringField:user_image,varchar(500),default(),UI>
INFO:root:Found mapping: blog_id => <StringField:blog_id,varchar(50),default(),I>
INFO:root:Found mapping: user_id => <StringField:user_id,varchar(50),default(),I>
INFO:root:Found mapping: created_at => <FloatField:created_at,real,default(<built-in function time>),I>
INFO:root:Found mapping: content => <TextField:content,text,default(),UI>
INFO:root:Found mapping: user_name => <StringField:user_name,varchar(50),default(),UI>
INFO:root:Found mapping: id => <StringField:id,varchar(50),default(<function next_id at 0x7f70fcbdfb18>),UI>
WARNING:root:NOTE: change primary key to non-updatable.
INFO:root:Add interceptor: <function user_interceptor at 0x7f70fcbf1050>
INFO:root:Add interceptor: <function manage_interceptor at 0x7f70fcbf11b8>
INFO:root:Add module: urls
INFO:root:Add route: Route(static,POST,path=/api/blogs)
INFO:root:Add route: Route(dynamic,POST,path=/api/blogs/:blog_id/comments)
INFO:root:Add route: Route(dynamic,POST,path=/api/blogs/:blog_id/delete)
INFO:root:Add route: Route(dynamic,POST,path=/api/comments/:comment_id/delete)
INFO:root:Add route: Route(dynamic,GET,path=/api/blogs/:blog_id)
INFO:root:Add route: Route(static,GET,path=/api/blogs)
INFO:root:Add route: Route(static,GET,path=/api/comments)
INFO:root:Add route: Route(static,GET,path=/api/users)
INFO:root:Add route: Route(dynamic,POST,path=/api/blogs/:blog_id)
INFO:root:Add route: Route(static,POST,path=/api/authenticate)
INFO:root:Add route: Route(dynamic,GET,path=/blog/:blog_id)
INFO:root:Add route: Route(static,GET,path=/)
INFO:root:Add route: Route(static,GET,path=/manage/blogs)
INFO:root:Add route: Route(static,GET,path=/manage/blogs/create)
INFO:root:Add route: Route(dynamic,GET,path=/manage/blogs/edit/:blog_id)
INFO:root:Add route: Route(static,GET,path=/manage/comments)
INFO:root:Add route: Route(static,GET,path=/manage/)
INFO:root:Add route: Route(static,GET,path=/manage/users)
INFO:root:Add route: Route(static,GET,path=/register)
INFO:root:Add route: Route(static,POST,path=/api/users)
INFO:root:Add route: Route(static,GET,path=/signin)
INFO:root:Add route: Route(static,GET,path=/signout)
INFO:root:try to bind user from session cookie...
INFO:root:parse session cookie...
INFO:root:open lazy connection...
INFO:root:SQL: select * from users where id=%s, ARGS: (u'001473391473943abdd58963b17455eb426adfe5f1d0953000',)
INFO:root:open connection <0x7f70fcbfa8d0>...
INFO:root:close connection <0x7f70fcbfa8d0>...
INFO:root:bind user <17527695@qq.com> to session...
INFO:root:open lazy connection...
INFO:root:SQL: select count(`id`) from `blogs`, ARGS: ()
INFO:root:open connection <0x7f70fcbfa890>...
INFO:root:close connection <0x7f70fcbfa890>...
INFO:root:open lazy connection...
INFO:root:SQL: select * from `blogs` order by created_at desc limit %s,%s, ARGS: (0, 15)
INFO:root:open connection <0x7f70fcbfa8d0>...
INFO:root:close connection <0x7f70fcbfa8d0>...
INFO:root:return Template
[2016-09-10 23:03:58 +0000] [20562] [INFO] Handling signal: term
[2016-09-10 23:03:58 +0000] [20567] [INFO] Worker exiting (pid: 20567)
[2016-09-10 23:03:58 +0000] [20562] [INFO] Shutting down: Master
